[2024-08-23T00:00:35.505+0000] {taskinstance.py:1956} INFO - Dependencies all met for dep_context=non-requeueable deps ti=<TaskInstance: etl.string_transformation manual__2024-08-22T23:59:34.506461+00:00 [queued]>
[2024-08-23T00:00:35.522+0000] {taskinstance.py:1956} INFO - Dependencies all met for dep_context=requeueable deps ti=<TaskInstance: etl.string_transformation manual__2024-08-22T23:59:34.506461+00:00 [queued]>
[2024-08-23T00:00:35.523+0000] {taskinstance.py:2170} INFO - Starting attempt 1 of 2
[2024-08-23T00:00:35.552+0000] {taskinstance.py:2191} INFO - Executing <Task(PythonOperator): string_transformation> on 2024-08-22 23:59:34.506461+00:00
[2024-08-23T00:00:35.560+0000] {standard_task_runner.py:60} INFO - Started process 334 to run task
[2024-08-23T00:00:35.566+0000] {standard_task_runner.py:87} INFO - Running: ['***', 'tasks', 'run', 'etl', 'string_transformation', 'manual__2024-08-22T23:59:34.506461+00:00', '--job-id', '5', '--raw', '--subdir', 'DAGS_FOLDER/etl_process.py', '--cfg-path', '/tmp/tmpifchgy7z']
[2024-08-23T00:00:35.570+0000] {standard_task_runner.py:88} INFO - Job 5: Subtask string_transformation
[2024-08-23T00:00:35.709+0000] {task_command.py:423} INFO - Running <TaskInstance: etl.string_transformation manual__2024-08-22T23:59:34.506461+00:00 [running]> on host 6917412f5b27
[2024-08-23T00:00:35.967+0000] {taskinstance.py:2480} INFO - Exporting env vars: AIRFLOW_CTX_DAG_OWNER='***' AIRFLOW_CTX_DAG_ID='etl' AIRFLOW_CTX_TASK_ID='string_transformation' AIRFLOW_CTX_EXECUTION_DATE='2024-08-22T23:59:34.506461+00:00' AIRFLOW_CTX_TRY_NUMBER='1' AIRFLOW_CTX_DAG_RUN_ID='manual__2024-08-22T23:59:34.506461+00:00'
[2024-08-23T00:00:36.096+0000] {etl_process.py:174} INFO - 
        La columna "antique" no solo contiene registros de antigüedad en años, sino también valores como 
        "A estrenar" o "En construcción." Para estos últimos dos casos, crearemos variables dummy y 
        reemplazaremos sus valores por 0. Además, para aquellos registros con antigüedades mayores a 1000 años, 
        realizaremos la resta entre 2024 y el valor de la antigüedad para obtener un valor real.
    
[2024-08-23T00:00:36.132+0000] {etl_process.py:200} INFO - 
        Para la variable "building_layout," generaremos variables dummy. Esto permitirá que cada 
        categoría de disposición del edificio sea representada de manera binaria, facilitando así su 
        incorporación en el modelo predictivo.
    
[2024-08-23T00:00:40.064+0000] {etl_process.py:214} INFO - Datos guardados en XCOM con key: string_transformation
[2024-08-23T00:00:40.075+0000] {etl_process.py:215} INFO - Datos guardados en csv: transformed_data
[2024-08-23T00:00:40.078+0000] {python.py:201} INFO - Done. Returned value was: None
[2024-08-23T00:00:40.108+0000] {taskinstance.py:1138} INFO - Marking task as SUCCESS. dag_id=etl, task_id=string_transformation, execution_date=20240822T235934, start_date=20240823T000035, end_date=20240823T000040
[2024-08-23T00:00:40.198+0000] {local_task_job_runner.py:234} INFO - Task exited with return code 0
[2024-08-23T00:00:40.291+0000] {taskinstance.py:3280} INFO - 1 downstream tasks scheduled from follow-on schedule check
