[2024-08-18T19:19:58.859+0000] {taskinstance.py:1956} INFO - Dependencies all met for dep_context=non-requeueable deps ti=<TaskInstance: etl.string_transformation manual__2024-08-18T19:19:46.076858+00:00 [queued]>
[2024-08-18T19:19:58.864+0000] {taskinstance.py:1956} INFO - Dependencies all met for dep_context=requeueable deps ti=<TaskInstance: etl.string_transformation manual__2024-08-18T19:19:46.076858+00:00 [queued]>
[2024-08-18T19:19:58.865+0000] {taskinstance.py:2170} INFO - Starting attempt 1 of 2
[2024-08-18T19:19:58.872+0000] {taskinstance.py:2191} INFO - Executing <Task(PythonOperator): string_transformation> on 2024-08-18 19:19:46.076858+00:00
[2024-08-18T19:19:58.877+0000] {standard_task_runner.py:60} INFO - Started process 637 to run task
[2024-08-18T19:19:58.878+0000] {standard_task_runner.py:87} INFO - Running: ['***', 'tasks', 'run', 'etl', 'string_transformation', 'manual__2024-08-18T19:19:46.076858+00:00', '--job-id', '138', '--raw', '--subdir', 'DAGS_FOLDER/etl_process.py', '--cfg-path', '/tmp/tmpxvqq3gr6']
[2024-08-18T19:19:58.880+0000] {standard_task_runner.py:88} INFO - Job 138: Subtask string_transformation
[2024-08-18T19:19:58.908+0000] {task_command.py:423} INFO - Running <TaskInstance: etl.string_transformation manual__2024-08-18T19:19:46.076858+00:00 [running]> on host 6e1ee8963732
[2024-08-18T19:19:58.956+0000] {taskinstance.py:2480} INFO - Exporting env vars: AIRFLOW_CTX_DAG_OWNER='***' AIRFLOW_CTX_DAG_ID='etl' AIRFLOW_CTX_TASK_ID='string_transformation' AIRFLOW_CTX_EXECUTION_DATE='2024-08-18T19:19:46.076858+00:00' AIRFLOW_CTX_TRY_NUMBER='1' AIRFLOW_CTX_DAG_RUN_ID='manual__2024-08-18T19:19:46.076858+00:00'
[2024-08-18T19:19:58.984+0000] {etl_process.py:174} INFO - 
        La columna "antique" no solo contiene registros de antigüedad en años, sino también valores como 
        "A estrenar" o "En construcción." Para estos últimos dos casos, crearemos variables dummy y 
        reemplazaremos sus valores por 0. Además, para aquellos registros con antigüedades mayores a 1000 años, 
        realizaremos la resta entre 2024 y el valor de la antigüedad para obtener un valor real.
    
[2024-08-18T19:19:58.995+0000] {etl_process.py:200} INFO - 
        Para la variable "building_layout," generaremos variables dummy. Esto permitirá que cada 
        categoría de disposición del edificio sea representada de manera binaria, facilitando así su 
        incorporación en el modelo predictivo.
    
[2024-08-18T19:19:59.842+0000] {etl_process.py:214} INFO - Datos guardados en XCOM con key: string_transformation
[2024-08-18T19:19:59.843+0000] {etl_process.py:215} INFO - Datos guardados en csv: transformed_data
[2024-08-18T19:19:59.843+0000] {python.py:201} INFO - Done. Returned value was: None
[2024-08-18T19:19:59.850+0000] {taskinstance.py:1138} INFO - Marking task as SUCCESS. dag_id=etl, task_id=string_transformation, execution_date=20240818T191946, start_date=20240818T191958, end_date=20240818T191959
[2024-08-18T19:19:59.894+0000] {local_task_job_runner.py:234} INFO - Task exited with return code 0
[2024-08-18T19:19:59.911+0000] {taskinstance.py:3280} INFO - 1 downstream tasks scheduled from follow-on schedule check
