[2024-08-21T00:48:25.721+0000] {taskinstance.py:1956} INFO - Dependencies all met for dep_context=non-requeueable deps ti=<TaskInstance: etl2.outlier_elimination manual__2024-08-21T00:47:35.310755+00:00 [queued]>
[2024-08-21T00:48:25.737+0000] {taskinstance.py:1956} INFO - Dependencies all met for dep_context=requeueable deps ti=<TaskInstance: etl2.outlier_elimination manual__2024-08-21T00:47:35.310755+00:00 [queued]>
[2024-08-21T00:48:25.739+0000] {taskinstance.py:2170} INFO - Starting attempt 1 of 2
[2024-08-21T00:48:25.776+0000] {taskinstance.py:2191} INFO - Executing <Task(PythonOperator): outlier_elimination> on 2024-08-21 00:47:35.310755+00:00
[2024-08-21T00:48:25.787+0000] {standard_task_runner.py:60} INFO - Started process 379 to run task
[2024-08-21T00:48:25.794+0000] {standard_task_runner.py:87} INFO - Running: ['***', 'tasks', 'run', 'etl2', 'outlier_elimination', 'manual__2024-08-21T00:47:35.310755+00:00', '--job-id', '26', '--raw', '--subdir', 'DAGS_FOLDER/etl_process_2.py', '--cfg-path', '/tmp/tmp8n8j44ss']
[2024-08-21T00:48:25.801+0000] {standard_task_runner.py:88} INFO - Job 26: Subtask outlier_elimination
[2024-08-21T00:48:25.937+0000] {task_command.py:423} INFO - Running <TaskInstance: etl2.outlier_elimination manual__2024-08-21T00:47:35.310755+00:00 [running]> on host b7fe98c8fee4
[2024-08-21T00:48:26.115+0000] {taskinstance.py:2480} INFO - Exporting env vars: AIRFLOW_CTX_DAG_OWNER='***' AIRFLOW_CTX_DAG_ID='etl2' AIRFLOW_CTX_TASK_ID='outlier_elimination' AIRFLOW_CTX_EXECUTION_DATE='2024-08-21T00:47:35.310755+00:00' AIRFLOW_CTX_TRY_NUMBER='1' AIRFLOW_CTX_DAG_RUN_ID='manual__2024-08-21T00:47:35.310755+00:00'
[2024-08-21T00:48:26.345+0000] {etl_process_2.py:241} INFO - 
        Eliminaremos aquellos outliers que distorsionan el conjunto de datos. Para ello, aplicaremos 
        como regla general la eliminación de los registros que se encuentren por encima del percentil 0.95.
    
[2024-08-21T00:48:26.395+0000] {etl_process_2.py:255} INFO - 
        También nos quedaremos con aquellos valores de "operation_amount" que sean mayores de $35.000,00.
    
[2024-08-21T00:48:27.078+0000] {etl_process_2.py:264} INFO - Datos guardados en XCOM con key: outlier_elimination
[2024-08-21T00:48:27.079+0000] {etl_process_2.py:265} INFO - Datos guardados en csv: transformed_data
[2024-08-21T00:48:27.080+0000] {python.py:201} INFO - Done. Returned value was: None
[2024-08-21T00:48:27.103+0000] {taskinstance.py:1138} INFO - Marking task as SUCCESS. dag_id=etl2, task_id=outlier_elimination, execution_date=20240821T004735, start_date=20240821T004825, end_date=20240821T004827
[2024-08-21T00:48:27.150+0000] {local_task_job_runner.py:234} INFO - Task exited with return code 0
[2024-08-21T00:48:27.207+0000] {taskinstance.py:3280} INFO - 1 downstream tasks scheduled from follow-on schedule check
