[2024-08-21T04:06:44.572+0000] {taskinstance.py:1956} INFO - Dependencies all met for dep_context=non-requeueable deps ti=<TaskInstance: etl2.split_data manual__2024-08-21T04:00:26.016379+00:00 [queued]>
[2024-08-21T04:06:44.585+0000] {taskinstance.py:1956} INFO - Dependencies all met for dep_context=requeueable deps ti=<TaskInstance: etl2.split_data manual__2024-08-21T04:00:26.016379+00:00 [queued]>
[2024-08-21T04:06:44.586+0000] {taskinstance.py:2170} INFO - Starting attempt 1 of 2
[2024-08-21T04:06:44.608+0000] {taskinstance.py:2191} INFO - Executing <Task(PythonOperator): split_data> on 2024-08-21 04:00:26.016379+00:00
[2024-08-21T04:06:44.616+0000] {standard_task_runner.py:60} INFO - Started process 640 to run task
[2024-08-21T04:06:44.621+0000] {standard_task_runner.py:87} INFO - Running: ['***', 'tasks', 'run', 'etl2', 'split_data', 'manual__2024-08-21T04:00:26.016379+00:00', '--job-id', '17', '--raw', '--subdir', 'DAGS_FOLDER/etl_process_2.py', '--cfg-path', '/tmp/tmpqdmji36s']
[2024-08-21T04:06:44.624+0000] {standard_task_runner.py:88} INFO - Job 17: Subtask split_data
[2024-08-21T04:06:44.700+0000] {task_command.py:423} INFO - Running <TaskInstance: etl2.split_data manual__2024-08-21T04:00:26.016379+00:00 [running]> on host 3578cb081144
[2024-08-21T04:06:44.817+0000] {taskinstance.py:2480} INFO - Exporting env vars: AIRFLOW_CTX_DAG_OWNER='***' AIRFLOW_CTX_DAG_ID='etl2' AIRFLOW_CTX_TASK_ID='split_data' AIRFLOW_CTX_EXECUTION_DATE='2024-08-21T04:00:26.016379+00:00' AIRFLOW_CTX_TRY_NUMBER='1' AIRFLOW_CTX_DAG_RUN_ID='manual__2024-08-21T04:00:26.016379+00:00'
[2024-08-21T04:06:44.850+0000] {etl_process_2.py:281} INFO - X_train guardado en PostgreSQL en la tabla: X_train
[2024-08-21T04:06:44.851+0000] {etl_process_2.py:282} INFO - X_train en XCOM con key: X_train
[2024-08-21T04:06:45.651+0000] {etl_process_2.py:286} INFO - X_test guardado en PostgreSQL en la tabla: X_test
[2024-08-21T04:06:45.652+0000] {etl_process_2.py:287} INFO - X_test en XCOM con key: X_test
[2024-08-21T04:06:45.814+0000] {etl_process_2.py:291} INFO - y_train guardado en PostgreSQL en la tabla: y_train
[2024-08-21T04:06:45.815+0000] {etl_process_2.py:292} INFO - y_train en XCOM con key: y_train
[2024-08-21T04:06:45.959+0000] {etl_process_2.py:296} INFO - y_test guardado en PostgreSQL en la tabla: y_test
[2024-08-21T04:06:45.960+0000] {etl_process_2.py:297} INFO - y_test en XCOM con key: y_test
[2024-08-21T04:06:46.114+0000] {python.py:201} INFO - Done. Returned value was: None
[2024-08-21T04:06:46.132+0000] {taskinstance.py:1138} INFO - Marking task as SUCCESS. dag_id=etl2, task_id=split_data, execution_date=20240821T040026, start_date=20240821T040644, end_date=20240821T040646
[2024-08-21T04:06:46.200+0000] {local_task_job_runner.py:234} INFO - Task exited with return code 0
[2024-08-21T04:06:46.245+0000] {taskinstance.py:3280} INFO - 1 downstream tasks scheduled from follow-on schedule check
