[2024-08-21T03:10:33.291+0000] {taskinstance.py:1956} INFO - Dependencies all met for dep_context=non-requeueable deps ti=<TaskInstance: etl2.split_data manual__2024-08-21T03:09:45.412647+00:00 [queued]>
[2024-08-21T03:10:33.305+0000] {taskinstance.py:1956} INFO - Dependencies all met for dep_context=requeueable deps ti=<TaskInstance: etl2.split_data manual__2024-08-21T03:09:45.412647+00:00 [queued]>
[2024-08-21T03:10:33.306+0000] {taskinstance.py:2170} INFO - Starting attempt 1 of 2
[2024-08-21T03:10:33.330+0000] {taskinstance.py:2191} INFO - Executing <Task(PythonOperator): split_data> on 2024-08-21 03:09:45.412647+00:00
[2024-08-21T03:10:33.338+0000] {standard_task_runner.py:60} INFO - Started process 418 to run task
[2024-08-21T03:10:33.345+0000] {standard_task_runner.py:87} INFO - Running: ['***', 'tasks', 'run', 'etl2', 'split_data', 'manual__2024-08-21T03:09:45.412647+00:00', '--job-id', '8', '--raw', '--subdir', 'DAGS_FOLDER/etl_process_2.py', '--cfg-path', '/tmp/tmp8396wb18']
[2024-08-21T03:10:33.349+0000] {standard_task_runner.py:88} INFO - Job 8: Subtask split_data
[2024-08-21T03:10:33.441+0000] {task_command.py:423} INFO - Running <TaskInstance: etl2.split_data manual__2024-08-21T03:09:45.412647+00:00 [running]> on host 19a5532a9904
[2024-08-21T03:10:33.623+0000] {taskinstance.py:2480} INFO - Exporting env vars: AIRFLOW_CTX_DAG_OWNER='***' AIRFLOW_CTX_DAG_ID='etl2' AIRFLOW_CTX_TASK_ID='split_data' AIRFLOW_CTX_EXECUTION_DATE='2024-08-21T03:09:45.412647+00:00' AIRFLOW_CTX_TRY_NUMBER='1' AIRFLOW_CTX_DAG_RUN_ID='manual__2024-08-21T03:09:45.412647+00:00'
[2024-08-21T03:10:33.661+0000] {etl_process_2.py:281} INFO - X_train guardado en PostgreSQL en la tabla: X_train
[2024-08-21T03:10:33.662+0000] {etl_process_2.py:282} INFO - X_train en XCOM con key: X_train
[2024-08-21T03:10:34.850+0000] {etl_process_2.py:286} INFO - X_test guardado en PostgreSQL en la tabla: X_test
[2024-08-21T03:10:34.851+0000] {etl_process_2.py:287} INFO - X_test en XCOM con key: X_test
[2024-08-21T03:10:35.050+0000] {etl_process_2.py:291} INFO - y_train guardado en PostgreSQL en la tabla: y_train
[2024-08-21T03:10:35.051+0000] {etl_process_2.py:292} INFO - y_train en XCOM con key: y_train
[2024-08-21T03:10:35.241+0000] {etl_process_2.py:296} INFO - y_test guardado en PostgreSQL en la tabla: y_test
[2024-08-21T03:10:35.242+0000] {etl_process_2.py:297} INFO - y_test en XCOM con key: y_test
[2024-08-21T03:10:35.419+0000] {python.py:201} INFO - Done. Returned value was: None
[2024-08-21T03:10:35.435+0000] {taskinstance.py:1138} INFO - Marking task as SUCCESS. dag_id=etl2, task_id=split_data, execution_date=20240821T030945, start_date=20240821T031033, end_date=20240821T031035
[2024-08-21T03:10:35.498+0000] {local_task_job_runner.py:234} INFO - Task exited with return code 0
[2024-08-21T03:10:35.585+0000] {taskinstance.py:3280} INFO - 1 downstream tasks scheduled from follow-on schedule check
