[2024-08-17T18:26:18.803+0000] {taskinstance.py:1956} INFO - Dependencies all met for dep_context=non-requeueable deps ti=<TaskInstance: etl.estimate_missing_values manual__2024-08-17T18:26:08.636904+00:00 [queued]>
[2024-08-17T18:26:18.809+0000] {taskinstance.py:1956} INFO - Dependencies all met for dep_context=requeueable deps ti=<TaskInstance: etl.estimate_missing_values manual__2024-08-17T18:26:08.636904+00:00 [queued]>
[2024-08-17T18:26:18.809+0000] {taskinstance.py:2170} INFO - Starting attempt 1 of 2
[2024-08-17T18:26:18.817+0000] {taskinstance.py:2191} INFO - Executing <Task(PythonOperator): estimate_missing_values> on 2024-08-17 18:26:08.636904+00:00
[2024-08-17T18:26:18.822+0000] {standard_task_runner.py:60} INFO - Started process 1546 to run task
[2024-08-17T18:26:18.824+0000] {standard_task_runner.py:87} INFO - Running: ['***', 'tasks', 'run', 'etl', 'estimate_missing_values', 'manual__2024-08-17T18:26:08.636904+00:00', '--job-id', '51', '--raw', '--subdir', 'DAGS_FOLDER/etl_process.py', '--cfg-path', '/tmp/tmpjxuwdo53']
[2024-08-17T18:26:18.825+0000] {standard_task_runner.py:88} INFO - Job 51: Subtask estimate_missing_values
[2024-08-17T18:26:18.856+0000] {task_command.py:423} INFO - Running <TaskInstance: etl.estimate_missing_values manual__2024-08-17T18:26:08.636904+00:00 [running]> on host 5a9976bc6527
[2024-08-17T18:26:18.905+0000] {taskinstance.py:2480} INFO - Exporting env vars: AIRFLOW_CTX_DAG_OWNER='***' AIRFLOW_CTX_DAG_ID='etl' AIRFLOW_CTX_TASK_ID='estimate_missing_values' AIRFLOW_CTX_EXECUTION_DATE='2024-08-17T18:26:08.636904+00:00' AIRFLOW_CTX_TRY_NUMBER='1' AIRFLOW_CTX_DAG_RUN_ID='manual__2024-08-17T18:26:08.636904+00:00'
[2024-08-17T18:26:19.215+0000] {etl_process.py:105} INFO - Reemplazamos garages faltantes por 0
[2024-08-17T18:26:19.217+0000] {etl_process.py:108} INFO - Reemplazamos bathrooms faltantes por 1
[2024-08-17T18:26:19.217+0000] {etl_process.py:112} INFO - 
        En el caso de la variable "bedrooms," seguiremos el siguiente enfoque:

        - Completaremos con 0 aquellos listados donde la variable "rooms" sea igual a 1 (Monoambientes).
        - Para aquellos casos que tengan los valores de "rooms" y "bathrooms" completos, realizaremos la resta entre estas variables para obtener una estimación más aproximada.
        - Para el resto de los casos, dejaremos el valor en 0.
    
[2024-08-17T18:26:19.219+0000] {etl_process.py:124} INFO - 
        Para los registros en los que el valor de metros cubiertos sea mayor que el de metros totales, 
        intercambiaremos los valores de estas columnas para corregir el error.
    
[2024-08-17T18:26:19.222+0000] {etl_process.py:133} INFO - 
        Para los registros que no tengan metros cubiertos, lo completamos con la cantidad de metros totales para tener un valor aproximado
    
[2024-08-17T18:26:19.222+0000] {etl_process.py:139} INFO - 
        Para la orientación, completaremos con "desconocido" aquellos registros sin valor, 
        ya que los valores faltantes para esta variable rondan el 50% y no es un valor inferible; 
        sin embargo, creemos que la orientación puede influir en el valor de un inmueble.
    
[2024-08-17T18:26:19.223+0000] {etl_process.py:146} INFO - 
        En el caso de la variable "building_layout," reemplazaremos los valores faltantes con la moda del conjunto de datos.
    
[2024-08-17T18:26:19.225+0000] {etl_process.py:152} INFO - 
        Existen registros que están en moneda ARS ($). Estos los transformaremos a USD utilizando 
        el tipo de cambio (TC) a la fecha de las publicaciones (todos los registros se tomaron el mismo día 
        y se asume que las expensas están actualizadas a dicha fecha) para así unificar los análisis.
    
[2024-08-17T18:26:19.227+0000] {etl_process.py:165} INFO - Datos guardados en XCOM con key: estimate_missing_values
[2024-08-17T18:26:19.794+0000] {python.py:201} INFO - Done. Returned value was: None
[2024-08-17T18:26:19.801+0000] {taskinstance.py:1138} INFO - Marking task as SUCCESS. dag_id=etl, task_id=estimate_missing_values, execution_date=20240817T182608, start_date=20240817T182618, end_date=20240817T182619
[2024-08-17T18:26:19.839+0000] {local_task_job_runner.py:234} INFO - Task exited with return code 0
[2024-08-17T18:26:19.856+0000] {taskinstance.py:3280} INFO - 1 downstream tasks scheduled from follow-on schedule check
