[2024-08-17T18:22:00.393+0000] {taskinstance.py:1956} INFO - Dependencies all met for dep_context=non-requeueable deps ti=<TaskInstance: etl.estimate_missing_values manual__2024-08-17T18:21:49.872219+00:00 [queued]>
[2024-08-17T18:22:00.399+0000] {taskinstance.py:1956} INFO - Dependencies all met for dep_context=requeueable deps ti=<TaskInstance: etl.estimate_missing_values manual__2024-08-17T18:21:49.872219+00:00 [queued]>
[2024-08-17T18:22:00.399+0000] {taskinstance.py:2170} INFO - Starting attempt 1 of 2
[2024-08-17T18:22:00.407+0000] {taskinstance.py:2191} INFO - Executing <Task(PythonOperator): estimate_missing_values> on 2024-08-17 18:21:49.872219+00:00
[2024-08-17T18:22:00.413+0000] {standard_task_runner.py:60} INFO - Started process 656 to run task
[2024-08-17T18:22:00.415+0000] {standard_task_runner.py:87} INFO - Running: ['***', 'tasks', 'run', 'etl', 'estimate_missing_values', 'manual__2024-08-17T18:21:49.872219+00:00', '--job-id', '28', '--raw', '--subdir', 'DAGS_FOLDER/etl_process.py', '--cfg-path', '/tmp/tmpqpc1t3xz']
[2024-08-17T18:22:00.416+0000] {standard_task_runner.py:88} INFO - Job 28: Subtask estimate_missing_values
[2024-08-17T18:22:00.449+0000] {task_command.py:423} INFO - Running <TaskInstance: etl.estimate_missing_values manual__2024-08-17T18:21:49.872219+00:00 [running]> on host 5a9976bc6527
[2024-08-17T18:22:00.499+0000] {taskinstance.py:2480} INFO - Exporting env vars: AIRFLOW_CTX_DAG_OWNER='***' AIRFLOW_CTX_DAG_ID='etl' AIRFLOW_CTX_TASK_ID='estimate_missing_values' AIRFLOW_CTX_EXECUTION_DATE='2024-08-17T18:21:49.872219+00:00' AIRFLOW_CTX_TRY_NUMBER='1' AIRFLOW_CTX_DAG_RUN_ID='manual__2024-08-17T18:21:49.872219+00:00'
[2024-08-17T18:22:00.812+0000] {etl_process.py:104} INFO - Reemplazamos garages faltantes por 0
[2024-08-17T18:22:00.814+0000] {etl_process.py:107} INFO - Reemplazamos bathrooms faltantes por 1
[2024-08-17T18:22:00.815+0000] {etl_process.py:111} INFO - 
        En el caso de la variable "bedrooms," seguiremos el siguiente enfoque:

        - Completaremos con 0 aquellos listados donde la variable "rooms" sea igual a 1 (Monoambientes).
        - Para aquellos casos que tengan los valores de "rooms" y "bathrooms" completos, realizaremos la resta entre estas variables para obtener una estimación más aproximada.
        - Para el resto de los casos, dejaremos el valor en 0.
    
[2024-08-17T18:22:00.815+0000] {taskinstance.py:2698} ERROR - Task failed with exception
Traceback (most recent call last):
  File "/home/airflow/.local/lib/python3.8/site-packages/airflow/models/taskinstance.py", line 433, in _execute_task
    result = execute_callable(context=context, **execute_callable_kwargs)
  File "/home/airflow/.local/lib/python3.8/site-packages/airflow/operators/python.py", line 199, in execute
    return_value = self.execute_callable()
  File "/home/airflow/.local/lib/python3.8/site-packages/airflow/operators/python.py", line 216, in execute_callable
    return self.python_callable(*self.op_args, **self.op_kwargs)
  File "/opt/airflow/dags/etl_process.py", line 118, in estimate_missing_values
    df['bedrooms'] = np.where(df['rooms'] == 1, 0, df['bedrooms'])
NameError: name 'np' is not defined
[2024-08-17T18:22:00.822+0000] {taskinstance.py:1138} INFO - Marking task as UP_FOR_RETRY. dag_id=etl, task_id=estimate_missing_values, execution_date=20240817T182149, start_date=20240817T182200, end_date=20240817T182200
[2024-08-17T18:22:00.831+0000] {standard_task_runner.py:107} ERROR - Failed to execute job 28 for task estimate_missing_values (name 'np' is not defined; 656)
[2024-08-17T18:22:00.868+0000] {local_task_job_runner.py:234} INFO - Task exited with return code 1
[2024-08-17T18:22:00.884+0000] {taskinstance.py:3280} INFO - 0 downstream tasks scheduled from follow-on schedule check
