[2024-08-17T18:23:12.896+0000] {taskinstance.py:1956} INFO - Dependencies all met for dep_context=non-requeueable deps ti=<TaskInstance: etl.string_transformation manual__2024-08-17T18:23:00.732202+00:00 [queued]>
[2024-08-17T18:23:12.901+0000] {taskinstance.py:1956} INFO - Dependencies all met for dep_context=requeueable deps ti=<TaskInstance: etl.string_transformation manual__2024-08-17T18:23:00.732202+00:00 [queued]>
[2024-08-17T18:23:12.901+0000] {taskinstance.py:2170} INFO - Starting attempt 1 of 2
[2024-08-17T18:23:12.909+0000] {taskinstance.py:2191} INFO - Executing <Task(PythonOperator): string_transformation> on 2024-08-17 18:23:00.732202+00:00
[2024-08-17T18:23:12.914+0000] {standard_task_runner.py:60} INFO - Started process 846 to run task
[2024-08-17T18:23:12.916+0000] {standard_task_runner.py:87} INFO - Running: ['***', 'tasks', 'run', 'etl', 'string_transformation', 'manual__2024-08-17T18:23:00.732202+00:00', '--job-id', '32', '--raw', '--subdir', 'DAGS_FOLDER/etl_process.py', '--cfg-path', '/tmp/tmpmwh7s7tu']
[2024-08-17T18:23:12.917+0000] {standard_task_runner.py:88} INFO - Job 32: Subtask string_transformation
[2024-08-17T18:23:12.947+0000] {task_command.py:423} INFO - Running <TaskInstance: etl.string_transformation manual__2024-08-17T18:23:00.732202+00:00 [running]> on host 5a9976bc6527
[2024-08-17T18:23:12.994+0000] {taskinstance.py:2480} INFO - Exporting env vars: AIRFLOW_CTX_DAG_OWNER='***' AIRFLOW_CTX_DAG_ID='etl' AIRFLOW_CTX_TASK_ID='string_transformation' AIRFLOW_CTX_EXECUTION_DATE='2024-08-17T18:23:00.732202+00:00' AIRFLOW_CTX_TRY_NUMBER='1' AIRFLOW_CTX_DAG_RUN_ID='manual__2024-08-17T18:23:00.732202+00:00'
[2024-08-17T18:23:13.314+0000] {etl_process.py:173} INFO - 
        La columna "antique" no solo contiene registros de antigüedad en años, sino también valores como 
        "A estrenar" o "En construcción." Para estos últimos dos casos, crearemos variables dummy y 
        reemplazaremos sus valores por 0. Además, para aquellos registros con antigüedades mayores a 1000 años, 
        realizaremos la resta entre 2024 y el valor de la antigüedad para obtener un valor real.
    
[2024-08-17T18:23:13.330+0000] {etl_process.py:199} INFO - 
        Para la variable "building_layout," generaremos variables dummy. Esto permitirá que cada 
        categoría de disposición del edificio sea representada de manera binaria, facilitando así su 
        incorporación en el modelo predictivo.
    
[2024-08-17T18:23:13.331+0000] {taskinstance.py:2698} ERROR - Task failed with exception
Traceback (most recent call last):
  File "/home/airflow/.local/lib/python3.8/site-packages/airflow/models/taskinstance.py", line 433, in _execute_task
    result = execute_callable(context=context, **execute_callable_kwargs)
  File "/home/airflow/.local/lib/python3.8/site-packages/airflow/operators/python.py", line 199, in execute
    return_value = self.execute_callable()
  File "/home/airflow/.local/lib/python3.8/site-packages/airflow/operators/python.py", line 216, in execute_callable
    return self.python_callable(*self.op_args, **self.op_kwargs)
  File "/opt/airflow/dags/etl_process.py", line 204, in string_transformation
    encoder = OneHotEncoder(sparse_output=False, drop='first')
NameError: name 'OneHotEncoder' is not defined
[2024-08-17T18:23:13.338+0000] {taskinstance.py:1138} INFO - Marking task as UP_FOR_RETRY. dag_id=etl, task_id=string_transformation, execution_date=20240817T182300, start_date=20240817T182312, end_date=20240817T182313
[2024-08-17T18:23:13.344+0000] {standard_task_runner.py:107} ERROR - Failed to execute job 32 for task string_transformation (name 'OneHotEncoder' is not defined; 846)
[2024-08-17T18:23:13.370+0000] {local_task_job_runner.py:234} INFO - Task exited with return code 1
[2024-08-17T18:23:13.386+0000] {taskinstance.py:3280} INFO - 0 downstream tasks scheduled from follow-on schedule check
