[2024-08-21T00:29:32.198+0000] {taskinstance.py:1956} INFO - Dependencies all met for dep_context=non-requeueable deps ti=<TaskInstance: etl2.string_transformation manual__2024-08-21T00:28:56.178688+00:00 [queued]>
[2024-08-21T00:29:32.212+0000] {taskinstance.py:1956} INFO - Dependencies all met for dep_context=requeueable deps ti=<TaskInstance: etl2.string_transformation manual__2024-08-21T00:28:56.178688+00:00 [queued]>
[2024-08-21T00:29:32.213+0000] {taskinstance.py:2170} INFO - Starting attempt 1 of 2
[2024-08-21T00:29:32.231+0000] {taskinstance.py:2191} INFO - Executing <Task(PythonOperator): string_transformation> on 2024-08-21 00:28:56.178688+00:00
[2024-08-21T00:29:32.239+0000] {standard_task_runner.py:60} INFO - Started process 333 to run task
[2024-08-21T00:29:32.243+0000] {standard_task_runner.py:87} INFO - Running: ['***', 'tasks', 'run', 'etl2', 'string_transformation', 'manual__2024-08-21T00:28:56.178688+00:00', '--job-id', '5', '--raw', '--subdir', 'DAGS_FOLDER/etl_process_2.py', '--cfg-path', '/tmp/tmpqzihlujn']
[2024-08-21T00:29:32.246+0000] {standard_task_runner.py:88} INFO - Job 5: Subtask string_transformation
[2024-08-21T00:29:32.324+0000] {task_command.py:423} INFO - Running <TaskInstance: etl2.string_transformation manual__2024-08-21T00:28:56.178688+00:00 [running]> on host cfe145cafe26
[2024-08-21T00:29:32.454+0000] {taskinstance.py:2480} INFO - Exporting env vars: AIRFLOW_CTX_DAG_OWNER='***' AIRFLOW_CTX_DAG_ID='etl2' AIRFLOW_CTX_TASK_ID='string_transformation' AIRFLOW_CTX_EXECUTION_DATE='2024-08-21T00:28:56.178688+00:00' AIRFLOW_CTX_TRY_NUMBER='1' AIRFLOW_CTX_DAG_RUN_ID='manual__2024-08-21T00:28:56.178688+00:00'
[2024-08-21T00:29:32.533+0000] {etl_process_2.py:167} INFO - 
        La columna "antique" no solo contiene registros de antigüedad en años, sino también valores como 
        "A estrenar" o "En construcción." Para estos últimos dos casos, crearemos variables dummy y 
        reemplazaremos sus valores por 0. Además, para aquellos registros con antigüedades mayores a 1000 años, 
        realizaremos la resta entre 2024 y el valor de la antigüedad para obtener un valor real.
    
[2024-08-21T00:29:34.134+0000] {etl_process_2.py:196} INFO - Datos guardados en XCOM con key: string_transformation
[2024-08-21T00:29:34.135+0000] {etl_process_2.py:197} INFO - Datos guardados en csv: transformed_data
[2024-08-21T00:29:34.137+0000] {python.py:201} INFO - Done. Returned value was: None
[2024-08-21T00:29:34.154+0000] {taskinstance.py:1138} INFO - Marking task as SUCCESS. dag_id=etl2, task_id=string_transformation, execution_date=20240821T002856, start_date=20240821T002932, end_date=20240821T002934
[2024-08-21T00:29:34.225+0000] {local_task_job_runner.py:234} INFO - Task exited with return code 0
[2024-08-21T00:29:34.269+0000] {taskinstance.py:3280} INFO - 1 downstream tasks scheduled from follow-on schedule check
