[2024-08-18T16:21:10.677+0000] {taskinstance.py:1956} INFO - Dependencies all met for dep_context=non-requeueable deps ti=<TaskInstance: etl.outlier_elimination manual__2024-08-18T16:20:56.467671+00:00 [queued]>
[2024-08-18T16:21:10.682+0000] {taskinstance.py:1956} INFO - Dependencies all met for dep_context=requeueable deps ti=<TaskInstance: etl.outlier_elimination manual__2024-08-18T16:20:56.467671+00:00 [queued]>
[2024-08-18T16:21:10.683+0000] {taskinstance.py:2170} INFO - Starting attempt 1 of 2
[2024-08-18T16:21:10.691+0000] {taskinstance.py:2191} INFO - Executing <Task(PythonOperator): outlier_elimination> on 2024-08-18 16:20:56.467671+00:00
[2024-08-18T16:21:10.698+0000] {standard_task_runner.py:60} INFO - Started process 16727 to run task
[2024-08-18T16:21:10.700+0000] {standard_task_runner.py:87} INFO - Running: ['***', 'tasks', 'run', 'etl', 'outlier_elimination', 'manual__2024-08-18T16:20:56.467671+00:00', '--job-id', '122', '--raw', '--subdir', 'DAGS_FOLDER/etl_process.py', '--cfg-path', '/tmp/tmpc_pp5aoi']
[2024-08-18T16:21:10.701+0000] {standard_task_runner.py:88} INFO - Job 122: Subtask outlier_elimination
[2024-08-18T16:21:10.733+0000] {task_command.py:423} INFO - Running <TaskInstance: etl.outlier_elimination manual__2024-08-18T16:20:56.467671+00:00 [running]> on host f0f27744fe62
[2024-08-18T16:21:10.784+0000] {taskinstance.py:2480} INFO - Exporting env vars: AIRFLOW_CTX_DAG_OWNER='***' AIRFLOW_CTX_DAG_ID='etl' AIRFLOW_CTX_TASK_ID='outlier_elimination' AIRFLOW_CTX_EXECUTION_DATE='2024-08-18T16:20:56.467671+00:00' AIRFLOW_CTX_TRY_NUMBER='1' AIRFLOW_CTX_DAG_RUN_ID='manual__2024-08-18T16:20:56.467671+00:00'
[2024-08-18T16:21:10.831+0000] {etl_process.py:220} INFO - 
        Eliminaremos aquellos outliers que distorsionan el conjunto de datos. Para ello, aplicaremos 
        como regla general la eliminación de los registros que se encuentren por encima del percentil 0.95.
    
[2024-08-18T16:21:10.849+0000] {etl_process.py:234} INFO - 
        También nos quedaremos con aquellos valores de "operation_amount" que sean mayores de $35.000,00.
    
[2024-08-18T16:21:11.072+0000] {etl_process.py:243} INFO - Datos guardados en XCOM con key: outlier_elimination
[2024-08-18T16:21:11.072+0000] {etl_process.py:244} INFO - Datos guardados en csv: transformed_data
[2024-08-18T16:21:11.073+0000] {python.py:201} INFO - Done. Returned value was: None
[2024-08-18T16:21:11.079+0000] {taskinstance.py:1138} INFO - Marking task as SUCCESS. dag_id=etl, task_id=outlier_elimination, execution_date=20240818T162056, start_date=20240818T162110, end_date=20240818T162111
[2024-08-18T16:21:11.114+0000] {local_task_job_runner.py:234} INFO - Task exited with return code 0
[2024-08-18T16:21:11.127+0000] {taskinstance.py:3280} INFO - 0 downstream tasks scheduled from follow-on schedule check
