[2024-08-17T18:29:15.480+0000] {taskinstance.py:1956} INFO - Dependencies all met for dep_context=non-requeueable deps ti=<TaskInstance: etl.split_data manual__2024-08-17T18:23:00.732202+00:00 [queued]>
[2024-08-17T18:29:15.486+0000] {taskinstance.py:1956} INFO - Dependencies all met for dep_context=requeueable deps ti=<TaskInstance: etl.split_data manual__2024-08-17T18:23:00.732202+00:00 [queued]>
[2024-08-17T18:29:15.486+0000] {taskinstance.py:2170} INFO - Starting attempt 1 of 2
[2024-08-17T18:29:15.494+0000] {taskinstance.py:2191} INFO - Executing <Task(PythonOperator): split_data> on 2024-08-17 18:23:00.732202+00:00
[2024-08-17T18:29:15.498+0000] {standard_task_runner.py:60} INFO - Started process 2085 to run task
[2024-08-17T18:29:15.500+0000] {standard_task_runner.py:87} INFO - Running: ['***', 'tasks', 'run', 'etl', 'split_data', 'manual__2024-08-17T18:23:00.732202+00:00', '--job-id', '65', '--raw', '--subdir', 'DAGS_FOLDER/etl_process.py', '--cfg-path', '/tmp/tmpddx4ipry']
[2024-08-17T18:29:15.501+0000] {standard_task_runner.py:88} INFO - Job 65: Subtask split_data
[2024-08-17T18:29:15.534+0000] {task_command.py:423} INFO - Running <TaskInstance: etl.split_data manual__2024-08-17T18:23:00.732202+00:00 [running]> on host 5a9976bc6527
[2024-08-17T18:29:15.586+0000] {taskinstance.py:2480} INFO - Exporting env vars: AIRFLOW_CTX_DAG_OWNER='***' AIRFLOW_CTX_DAG_ID='etl' AIRFLOW_CTX_TASK_ID='split_data' AIRFLOW_CTX_EXECUTION_DATE='2024-08-17T18:23:00.732202+00:00' AIRFLOW_CTX_TRY_NUMBER='1' AIRFLOW_CTX_DAG_RUN_ID='manual__2024-08-17T18:23:00.732202+00:00'
[2024-08-17T18:29:15.651+0000] {etl_process.py:259} INFO - X_train guardado en PostgreSQL en la tabla: X_train
[2024-08-17T18:29:15.652+0000] {etl_process.py:260} INFO - X_train en XCOM con key: X_train
[2024-08-17T18:29:15.813+0000] {etl_process.py:264} INFO - X_test guardado en PostgreSQL en la tabla: X_test
[2024-08-17T18:29:15.813+0000] {etl_process.py:265} INFO - X_test en XCOM con key: X_test
[2024-08-17T18:29:15.870+0000] {etl_process.py:269} INFO - y_train guardado en PostgreSQL en la tabla: y_train
[2024-08-17T18:29:15.870+0000] {etl_process.py:270} INFO - y_train en XCOM con key: y_train
[2024-08-17T18:29:15.900+0000] {etl_process.py:274} INFO - y_test guardado en PostgreSQL en la tabla: y_test
[2024-08-17T18:29:15.900+0000] {etl_process.py:275} INFO - y_test en XCOM con key: y_test
[2024-08-17T18:29:15.937+0000] {python.py:201} INFO - Done. Returned value was: None
[2024-08-17T18:29:15.943+0000] {taskinstance.py:1138} INFO - Marking task as SUCCESS. dag_id=etl, task_id=split_data, execution_date=20240817T182300, start_date=20240817T182915, end_date=20240817T182915
[2024-08-17T18:29:15.994+0000] {local_task_job_runner.py:234} INFO - Task exited with return code 0
[2024-08-17T18:29:16.005+0000] {taskinstance.py:3280} INFO - 0 downstream tasks scheduled from follow-on schedule check
