[2024-08-23T23:05:27.312+0000] {taskinstance.py:1956} INFO - Dependencies all met for dep_context=non-requeueable deps ti=<TaskInstance: etl.outlier_elimination manual__2024-08-23T23:04:46.957262+00:00 [queued]>
[2024-08-23T23:05:27.325+0000] {taskinstance.py:1956} INFO - Dependencies all met for dep_context=requeueable deps ti=<TaskInstance: etl.outlier_elimination manual__2024-08-23T23:04:46.957262+00:00 [queued]>
[2024-08-23T23:05:27.326+0000] {taskinstance.py:2170} INFO - Starting attempt 1 of 2
[2024-08-23T23:05:27.344+0000] {taskinstance.py:2191} INFO - Executing <Task(PythonOperator): outlier_elimination> on 2024-08-23 23:04:46.957262+00:00
[2024-08-23T23:05:27.355+0000] {standard_task_runner.py:60} INFO - Started process 661 to run task
[2024-08-23T23:05:27.358+0000] {standard_task_runner.py:87} INFO - Running: ['***', 'tasks', 'run', 'etl', 'outlier_elimination', 'manual__2024-08-23T23:04:46.957262+00:00', '--job-id', '13', '--raw', '--subdir', 'DAGS_FOLDER/etl_process.py', '--cfg-path', '/tmp/tmp_o2rrg99']
[2024-08-23T23:05:27.360+0000] {standard_task_runner.py:88} INFO - Job 13: Subtask outlier_elimination
[2024-08-23T23:05:27.425+0000] {task_command.py:423} INFO - Running <TaskInstance: etl.outlier_elimination manual__2024-08-23T23:04:46.957262+00:00 [running]> on host 38dd9e071e17
[2024-08-23T23:05:27.533+0000] {taskinstance.py:2480} INFO - Exporting env vars: AIRFLOW_CTX_DAG_OWNER='***' AIRFLOW_CTX_DAG_ID='etl' AIRFLOW_CTX_TASK_ID='outlier_elimination' AIRFLOW_CTX_EXECUTION_DATE='2024-08-23T23:04:46.957262+00:00' AIRFLOW_CTX_TRY_NUMBER='1' AIRFLOW_CTX_DAG_RUN_ID='manual__2024-08-23T23:04:46.957262+00:00'
[2024-08-23T23:05:27.594+0000] {etl_process.py:221} INFO - 
        Eliminaremos aquellos outliers que distorsionan el conjunto de datos. Para ello, aplicaremos 
        como regla general la eliminación de los registros que se encuentren por encima del percentil 0.95.
    
[2024-08-23T23:05:27.622+0000] {etl_process.py:235} INFO - 
        También nos quedaremos con aquellos valores de "operation_amount" que sean mayores de $35.000,00.
    
[2024-08-23T23:05:28.022+0000] {etl_process.py:244} INFO - Datos guardados en XCOM con key: outlier_elimination
[2024-08-23T23:05:28.023+0000] {etl_process.py:245} INFO - Datos guardados en csv: transformed_data
[2024-08-23T23:05:28.024+0000] {python.py:201} INFO - Done. Returned value was: None
[2024-08-23T23:05:28.038+0000] {taskinstance.py:1138} INFO - Marking task as SUCCESS. dag_id=etl, task_id=outlier_elimination, execution_date=20240823T230446, start_date=20240823T230527, end_date=20240823T230528
[2024-08-23T23:05:28.096+0000] {local_task_job_runner.py:234} INFO - Task exited with return code 0
[2024-08-23T23:05:28.128+0000] {taskinstance.py:3280} INFO - 1 downstream tasks scheduled from follow-on schedule check
