[2024-08-19T23:26:19.030+0000] {taskinstance.py:1956} INFO - Dependencies all met for dep_context=non-requeueable deps ti=<TaskInstance: etl.split_data manual__2024-08-19T23:25:29.774680+00:00 [queued]>
[2024-08-19T23:26:19.043+0000] {taskinstance.py:1956} INFO - Dependencies all met for dep_context=requeueable deps ti=<TaskInstance: etl.split_data manual__2024-08-19T23:25:29.774680+00:00 [queued]>
[2024-08-19T23:26:19.044+0000] {taskinstance.py:2170} INFO - Starting attempt 1 of 2
[2024-08-19T23:26:19.069+0000] {taskinstance.py:2191} INFO - Executing <Task(PythonOperator): split_data> on 2024-08-19 23:25:29.774680+00:00
[2024-08-19T23:26:19.077+0000] {standard_task_runner.py:60} INFO - Started process 298 to run task
[2024-08-19T23:26:19.083+0000] {standard_task_runner.py:87} INFO - Running: ['***', 'tasks', 'run', 'etl', 'split_data', 'manual__2024-08-19T23:25:29.774680+00:00', '--job-id', '8', '--raw', '--subdir', 'DAGS_FOLDER/etl_process.py', '--cfg-path', '/tmp/tmpyczkhq39']
[2024-08-19T23:26:19.086+0000] {standard_task_runner.py:88} INFO - Job 8: Subtask split_data
[2024-08-19T23:26:19.171+0000] {task_command.py:423} INFO - Running <TaskInstance: etl.split_data manual__2024-08-19T23:25:29.774680+00:00 [running]> on host b367f3195dc8
[2024-08-19T23:26:19.315+0000] {taskinstance.py:2480} INFO - Exporting env vars: AIRFLOW_CTX_DAG_OWNER='***' AIRFLOW_CTX_DAG_ID='etl' AIRFLOW_CTX_TASK_ID='split_data' AIRFLOW_CTX_EXECUTION_DATE='2024-08-19T23:25:29.774680+00:00' AIRFLOW_CTX_TRY_NUMBER='1' AIRFLOW_CTX_DAG_RUN_ID='manual__2024-08-19T23:25:29.774680+00:00'
[2024-08-19T23:26:19.378+0000] {etl_process.py:261} INFO - X_train guardado en PostgreSQL en la tabla: X_train
[2024-08-19T23:26:19.379+0000] {etl_process.py:262} INFO - X_train en XCOM con key: X_train
[2024-08-19T23:26:20.287+0000] {etl_process.py:266} INFO - X_test guardado en PostgreSQL en la tabla: X_test
[2024-08-19T23:26:20.287+0000] {etl_process.py:267} INFO - X_test en XCOM con key: X_test
[2024-08-19T23:26:20.455+0000] {etl_process.py:271} INFO - y_train guardado en PostgreSQL en la tabla: y_train
[2024-08-19T23:26:20.456+0000] {etl_process.py:272} INFO - y_train en XCOM con key: y_train
[2024-08-19T23:26:20.605+0000] {etl_process.py:276} INFO - y_test guardado en PostgreSQL en la tabla: y_test
[2024-08-19T23:26:20.606+0000] {etl_process.py:277} INFO - y_test en XCOM con key: y_test
[2024-08-19T23:26:20.755+0000] {python.py:201} INFO - Done. Returned value was: None
[2024-08-19T23:26:20.781+0000] {taskinstance.py:1138} INFO - Marking task as SUCCESS. dag_id=etl, task_id=split_data, execution_date=20240819T232529, start_date=20240819T232619, end_date=20240819T232620
[2024-08-19T23:26:20.863+0000] {local_task_job_runner.py:234} INFO - Task exited with return code 0
[2024-08-19T23:26:20.919+0000] {taskinstance.py:3280} INFO - 1 downstream tasks scheduled from follow-on schedule check
