[2024-08-21T00:19:39.402+0000] {taskinstance.py:1956} INFO - Dependencies all met for dep_context=non-requeueable deps ti=<TaskInstance: etl2.split_data manual__2024-08-21T00:18:49.053576+00:00 [queued]>
[2024-08-21T00:19:39.416+0000] {taskinstance.py:1956} INFO - Dependencies all met for dep_context=requeueable deps ti=<TaskInstance: etl2.split_data manual__2024-08-21T00:18:49.053576+00:00 [queued]>
[2024-08-21T00:19:39.417+0000] {taskinstance.py:2170} INFO - Starting attempt 1 of 2
[2024-08-21T00:19:39.435+0000] {taskinstance.py:2191} INFO - Executing <Task(PythonOperator): split_data> on 2024-08-21 00:18:49.053576+00:00
[2024-08-21T00:19:39.443+0000] {standard_task_runner.py:60} INFO - Started process 293 to run task
[2024-08-21T00:19:39.447+0000] {standard_task_runner.py:87} INFO - Running: ['***', 'tasks', 'run', 'etl2', 'split_data', 'manual__2024-08-21T00:18:49.053576+00:00', '--job-id', '17', '--raw', '--subdir', 'DAGS_FOLDER/etl_process_2.py', '--cfg-path', '/tmp/tmp47k322d5']
[2024-08-21T00:19:39.450+0000] {standard_task_runner.py:88} INFO - Job 17: Subtask split_data
[2024-08-21T00:19:39.525+0000] {task_command.py:423} INFO - Running <TaskInstance: etl2.split_data manual__2024-08-21T00:18:49.053576+00:00 [running]> on host 0a5d6257f731
[2024-08-21T00:19:39.662+0000] {taskinstance.py:2480} INFO - Exporting env vars: AIRFLOW_CTX_DAG_OWNER='***' AIRFLOW_CTX_DAG_ID='etl2' AIRFLOW_CTX_TASK_ID='split_data' AIRFLOW_CTX_EXECUTION_DATE='2024-08-21T00:18:49.053576+00:00' AIRFLOW_CTX_TRY_NUMBER='1' AIRFLOW_CTX_DAG_RUN_ID='manual__2024-08-21T00:18:49.053576+00:00'
[2024-08-21T00:19:39.695+0000] {etl_process_2.py:273} INFO - X_train guardado en PostgreSQL en la tabla: X_train
[2024-08-21T00:19:39.696+0000] {etl_process_2.py:274} INFO - X_train en XCOM con key: X_train
[2024-08-21T00:19:40.725+0000] {etl_process_2.py:278} INFO - X_test guardado en PostgreSQL en la tabla: X_test
[2024-08-21T00:19:40.728+0000] {etl_process_2.py:279} INFO - X_test en XCOM con key: X_test
[2024-08-21T00:19:40.915+0000] {etl_process_2.py:283} INFO - y_train guardado en PostgreSQL en la tabla: y_train
[2024-08-21T00:19:40.915+0000] {etl_process_2.py:284} INFO - y_train en XCOM con key: y_train
[2024-08-21T00:19:41.061+0000] {etl_process_2.py:288} INFO - y_test guardado en PostgreSQL en la tabla: y_test
[2024-08-21T00:19:41.062+0000] {etl_process_2.py:289} INFO - y_test en XCOM con key: y_test
[2024-08-21T00:19:41.206+0000] {python.py:201} INFO - Done. Returned value was: None
[2024-08-21T00:19:41.221+0000] {taskinstance.py:1138} INFO - Marking task as SUCCESS. dag_id=etl2, task_id=split_data, execution_date=20240821T001849, start_date=20240821T001939, end_date=20240821T001941
[2024-08-21T00:19:41.264+0000] {local_task_job_runner.py:234} INFO - Task exited with return code 0
[2024-08-21T00:19:41.301+0000] {taskinstance.py:3280} INFO - 1 downstream tasks scheduled from follow-on schedule check
