[2024-08-18T16:21:08.557+0000] {taskinstance.py:1956} INFO - Dependencies all met for dep_context=non-requeueable deps ti=<TaskInstance: etl.string_transformation manual__2024-08-18T16:20:56.467671+00:00 [queued]>
[2024-08-18T16:21:08.562+0000] {taskinstance.py:1956} INFO - Dependencies all met for dep_context=requeueable deps ti=<TaskInstance: etl.string_transformation manual__2024-08-18T16:20:56.467671+00:00 [queued]>
[2024-08-18T16:21:08.562+0000] {taskinstance.py:2170} INFO - Starting attempt 1 of 2
[2024-08-18T16:21:08.571+0000] {taskinstance.py:2191} INFO - Executing <Task(PythonOperator): string_transformation> on 2024-08-18 16:20:56.467671+00:00
[2024-08-18T16:21:08.576+0000] {standard_task_runner.py:60} INFO - Started process 16705 to run task
[2024-08-18T16:21:08.578+0000] {standard_task_runner.py:87} INFO - Running: ['***', 'tasks', 'run', 'etl', 'string_transformation', 'manual__2024-08-18T16:20:56.467671+00:00', '--job-id', '121', '--raw', '--subdir', 'DAGS_FOLDER/etl_process.py', '--cfg-path', '/tmp/tmp3ye65of6']
[2024-08-18T16:21:08.580+0000] {standard_task_runner.py:88} INFO - Job 121: Subtask string_transformation
[2024-08-18T16:21:08.609+0000] {task_command.py:423} INFO - Running <TaskInstance: etl.string_transformation manual__2024-08-18T16:20:56.467671+00:00 [running]> on host f0f27744fe62
[2024-08-18T16:21:08.659+0000] {taskinstance.py:2480} INFO - Exporting env vars: AIRFLOW_CTX_DAG_OWNER='***' AIRFLOW_CTX_DAG_ID='etl' AIRFLOW_CTX_TASK_ID='string_transformation' AIRFLOW_CTX_EXECUTION_DATE='2024-08-18T16:20:56.467671+00:00' AIRFLOW_CTX_TRY_NUMBER='1' AIRFLOW_CTX_DAG_RUN_ID='manual__2024-08-18T16:20:56.467671+00:00'
[2024-08-18T16:21:08.689+0000] {etl_process.py:173} INFO - 
        La columna "antique" no solo contiene registros de antigüedad en años, sino también valores como 
        "A estrenar" o "En construcción." Para estos últimos dos casos, crearemos variables dummy y 
        reemplazaremos sus valores por 0. Además, para aquellos registros con antigüedades mayores a 1000 años, 
        realizaremos la resta entre 2024 y el valor de la antigüedad para obtener un valor real.
    
[2024-08-18T16:21:08.699+0000] {etl_process.py:199} INFO - 
        Para la variable "building_layout," generaremos variables dummy. Esto permitirá que cada 
        categoría de disposición del edificio sea representada de manera binaria, facilitando así su 
        incorporación en el modelo predictivo.
    
[2024-08-18T16:21:09.573+0000] {etl_process.py:213} INFO - Datos guardados en XCOM con key: string_transformation
[2024-08-18T16:21:09.574+0000] {etl_process.py:214} INFO - Datos guardados en csv: transformed_data
[2024-08-18T16:21:09.575+0000] {python.py:201} INFO - Done. Returned value was: None
[2024-08-18T16:21:09.581+0000] {taskinstance.py:1138} INFO - Marking task as SUCCESS. dag_id=etl, task_id=string_transformation, execution_date=20240818T162056, start_date=20240818T162108, end_date=20240818T162109
[2024-08-18T16:21:09.634+0000] {local_task_job_runner.py:234} INFO - Task exited with return code 0
[2024-08-18T16:21:09.654+0000] {taskinstance.py:3280} INFO - 1 downstream tasks scheduled from follow-on schedule check
