[2024-08-17T18:48:47.814+0000] {taskinstance.py:1956} INFO - Dependencies all met for dep_context=non-requeueable deps ti=<TaskInstance: etl.split_data manual__2024-08-17T18:48:30.401087+00:00 [queued]>
[2024-08-17T18:48:47.819+0000] {taskinstance.py:1956} INFO - Dependencies all met for dep_context=requeueable deps ti=<TaskInstance: etl.split_data manual__2024-08-17T18:48:30.401087+00:00 [queued]>
[2024-08-17T18:48:47.820+0000] {taskinstance.py:2170} INFO - Starting attempt 1 of 2
[2024-08-17T18:48:47.828+0000] {taskinstance.py:2191} INFO - Executing <Task(PythonOperator): split_data> on 2024-08-17 18:48:30.401087+00:00
[2024-08-17T18:48:47.833+0000] {standard_task_runner.py:60} INFO - Started process 4324 to run task
[2024-08-17T18:48:47.835+0000] {standard_task_runner.py:87} INFO - Running: ['***', 'tasks', 'run', 'etl', 'split_data', 'manual__2024-08-17T18:48:30.401087+00:00', '--job-id', '98', '--raw', '--subdir', 'DAGS_FOLDER/etl_process.py', '--cfg-path', '/tmp/tmpur41442_']
[2024-08-17T18:48:47.836+0000] {standard_task_runner.py:88} INFO - Job 98: Subtask split_data
[2024-08-17T18:48:47.865+0000] {task_command.py:423} INFO - Running <TaskInstance: etl.split_data manual__2024-08-17T18:48:30.401087+00:00 [running]> on host 5a9976bc6527
[2024-08-17T18:48:47.917+0000] {taskinstance.py:2480} INFO - Exporting env vars: AIRFLOW_CTX_DAG_OWNER='***' AIRFLOW_CTX_DAG_ID='etl' AIRFLOW_CTX_TASK_ID='split_data' AIRFLOW_CTX_EXECUTION_DATE='2024-08-17T18:48:30.401087+00:00' AIRFLOW_CTX_TRY_NUMBER='1' AIRFLOW_CTX_DAG_RUN_ID='manual__2024-08-17T18:48:30.401087+00:00'
[2024-08-17T18:48:47.980+0000] {etl_process.py:259} INFO - X_train guardado en PostgreSQL en la tabla: X_train
[2024-08-17T18:48:47.981+0000] {etl_process.py:260} INFO - X_train en XCOM con key: X_train
[2024-08-17T18:48:48.138+0000] {etl_process.py:264} INFO - X_test guardado en PostgreSQL en la tabla: X_test
[2024-08-17T18:48:48.139+0000] {etl_process.py:265} INFO - X_test en XCOM con key: X_test
[2024-08-17T18:48:48.191+0000] {etl_process.py:269} INFO - y_train guardado en PostgreSQL en la tabla: y_train
[2024-08-17T18:48:48.191+0000] {etl_process.py:270} INFO - y_train en XCOM con key: y_train
[2024-08-17T18:48:48.216+0000] {etl_process.py:274} INFO - y_test guardado en PostgreSQL en la tabla: y_test
[2024-08-17T18:48:48.217+0000] {etl_process.py:275} INFO - y_test en XCOM con key: y_test
[2024-08-17T18:48:48.249+0000] {python.py:201} INFO - Done. Returned value was: None
[2024-08-17T18:48:48.255+0000] {taskinstance.py:1138} INFO - Marking task as SUCCESS. dag_id=etl, task_id=split_data, execution_date=20240817T184830, start_date=20240817T184847, end_date=20240817T184848
[2024-08-17T18:48:48.288+0000] {local_task_job_runner.py:234} INFO - Task exited with return code 0
[2024-08-17T18:48:48.303+0000] {taskinstance.py:3280} INFO - 0 downstream tasks scheduled from follow-on schedule check
