[2024-08-21T03:23:06.569+0000] {taskinstance.py:1956} INFO - Dependencies all met for dep_context=non-requeueable deps ti=<TaskInstance: etl2.split_data manual__2024-08-21T03:22:09.437945+00:00 [queued]>
[2024-08-21T03:23:06.589+0000] {taskinstance.py:1956} INFO - Dependencies all met for dep_context=requeueable deps ti=<TaskInstance: etl2.split_data manual__2024-08-21T03:22:09.437945+00:00 [queued]>
[2024-08-21T03:23:06.590+0000] {taskinstance.py:2170} INFO - Starting attempt 1 of 2
[2024-08-21T03:23:06.630+0000] {taskinstance.py:2191} INFO - Executing <Task(PythonOperator): split_data> on 2024-08-21 03:22:09.437945+00:00
[2024-08-21T03:23:06.646+0000] {standard_task_runner.py:60} INFO - Started process 322 to run task
[2024-08-21T03:23:06.652+0000] {standard_task_runner.py:87} INFO - Running: ['***', 'tasks', 'run', 'etl2', 'split_data', 'manual__2024-08-21T03:22:09.437945+00:00', '--job-id', '17', '--raw', '--subdir', 'DAGS_FOLDER/etl_process_2.py', '--cfg-path', '/tmp/tmpe4ou2fnb']
[2024-08-21T03:23:06.661+0000] {standard_task_runner.py:88} INFO - Job 17: Subtask split_data
[2024-08-21T03:23:06.783+0000] {task_command.py:423} INFO - Running <TaskInstance: etl2.split_data manual__2024-08-21T03:22:09.437945+00:00 [running]> on host dd0681a75ce8
[2024-08-21T03:23:07.481+0000] {taskinstance.py:2480} INFO - Exporting env vars: AIRFLOW_CTX_DAG_OWNER='***' AIRFLOW_CTX_DAG_ID='etl2' AIRFLOW_CTX_TASK_ID='split_data' AIRFLOW_CTX_EXECUTION_DATE='2024-08-21T03:22:09.437945+00:00' AIRFLOW_CTX_TRY_NUMBER='1' AIRFLOW_CTX_DAG_RUN_ID='manual__2024-08-21T03:22:09.437945+00:00'
[2024-08-21T03:23:07.511+0000] {etl_process_2.py:281} INFO - X_train guardado en PostgreSQL en la tabla: X_train
[2024-08-21T03:23:07.512+0000] {etl_process_2.py:282} INFO - X_train en XCOM con key: X_train
[2024-08-21T03:23:08.323+0000] {etl_process_2.py:286} INFO - X_test guardado en PostgreSQL en la tabla: X_test
[2024-08-21T03:23:08.324+0000] {etl_process_2.py:287} INFO - X_test en XCOM con key: X_test
[2024-08-21T03:23:08.553+0000] {etl_process_2.py:291} INFO - y_train guardado en PostgreSQL en la tabla: y_train
[2024-08-21T03:23:08.554+0000] {etl_process_2.py:292} INFO - y_train en XCOM con key: y_train
[2024-08-21T03:23:08.692+0000] {etl_process_2.py:296} INFO - y_test guardado en PostgreSQL en la tabla: y_test
[2024-08-21T03:23:08.693+0000] {etl_process_2.py:297} INFO - y_test en XCOM con key: y_test
[2024-08-21T03:23:09.410+0000] {python.py:201} INFO - Done. Returned value was: None
[2024-08-21T03:23:09.427+0000] {taskinstance.py:1138} INFO - Marking task as SUCCESS. dag_id=etl2, task_id=split_data, execution_date=20240821T032209, start_date=20240821T032306, end_date=20240821T032309
[2024-08-21T03:23:09.492+0000] {local_task_job_runner.py:234} INFO - Task exited with return code 0
[2024-08-21T03:23:09.569+0000] {taskinstance.py:3280} INFO - 0 downstream tasks scheduled from follow-on schedule check
