[2024-08-21T00:04:24.761+0000] {taskinstance.py:1956} INFO - Dependencies all met for dep_context=non-requeueable deps ti=<TaskInstance: etl2.split_data manual__2024-08-21T00:03:37.784892+00:00 [queued]>
[2024-08-21T00:04:24.774+0000] {taskinstance.py:1956} INFO - Dependencies all met for dep_context=requeueable deps ti=<TaskInstance: etl2.split_data manual__2024-08-21T00:03:37.784892+00:00 [queued]>
[2024-08-21T00:04:24.774+0000] {taskinstance.py:2170} INFO - Starting attempt 1 of 2
[2024-08-21T00:04:24.793+0000] {taskinstance.py:2191} INFO - Executing <Task(PythonOperator): split_data> on 2024-08-21 00:03:37.784892+00:00
[2024-08-21T00:04:24.801+0000] {standard_task_runner.py:60} INFO - Started process 317 to run task
[2024-08-21T00:04:24.805+0000] {standard_task_runner.py:87} INFO - Running: ['***', 'tasks', 'run', 'etl2', 'split_data', 'manual__2024-08-21T00:03:37.784892+00:00', '--job-id', '8', '--raw', '--subdir', 'DAGS_FOLDER/etl_process_2.py', '--cfg-path', '/tmp/tmp8dmwmwhq']
[2024-08-21T00:04:24.808+0000] {standard_task_runner.py:88} INFO - Job 8: Subtask split_data
[2024-08-21T00:04:24.880+0000] {task_command.py:423} INFO - Running <TaskInstance: etl2.split_data manual__2024-08-21T00:03:37.784892+00:00 [running]> on host 0a5d6257f731
[2024-08-21T00:04:25.004+0000] {taskinstance.py:2480} INFO - Exporting env vars: AIRFLOW_CTX_DAG_OWNER='***' AIRFLOW_CTX_DAG_ID='etl2' AIRFLOW_CTX_TASK_ID='split_data' AIRFLOW_CTX_EXECUTION_DATE='2024-08-21T00:03:37.784892+00:00' AIRFLOW_CTX_TRY_NUMBER='1' AIRFLOW_CTX_DAG_RUN_ID='manual__2024-08-21T00:03:37.784892+00:00'
[2024-08-21T00:04:25.041+0000] {etl_process_2.py:273} INFO - X_train guardado en PostgreSQL en la tabla: X_train
[2024-08-21T00:04:25.042+0000] {etl_process_2.py:274} INFO - X_train en XCOM con key: X_train
[2024-08-21T00:04:25.823+0000] {etl_process_2.py:278} INFO - X_test guardado en PostgreSQL en la tabla: X_test
[2024-08-21T00:04:25.824+0000] {etl_process_2.py:279} INFO - X_test en XCOM con key: X_test
[2024-08-21T00:04:25.977+0000] {etl_process_2.py:283} INFO - y_train guardado en PostgreSQL en la tabla: y_train
[2024-08-21T00:04:25.978+0000] {etl_process_2.py:284} INFO - y_train en XCOM con key: y_train
[2024-08-21T00:04:26.109+0000] {etl_process_2.py:288} INFO - y_test guardado en PostgreSQL en la tabla: y_test
[2024-08-21T00:04:26.110+0000] {etl_process_2.py:289} INFO - y_test en XCOM con key: y_test
[2024-08-21T00:04:26.241+0000] {python.py:201} INFO - Done. Returned value was: None
[2024-08-21T00:04:26.257+0000] {taskinstance.py:1138} INFO - Marking task as SUCCESS. dag_id=etl2, task_id=split_data, execution_date=20240821T000337, start_date=20240821T000424, end_date=20240821T000426
[2024-08-21T00:04:26.304+0000] {local_task_job_runner.py:234} INFO - Task exited with return code 0
[2024-08-21T00:04:26.338+0000] {taskinstance.py:3280} INFO - 1 downstream tasks scheduled from follow-on schedule check
