[2024-08-23T03:30:35.443+0000] {taskinstance.py:1956} INFO - Dependencies all met for dep_context=non-requeueable deps ti=<TaskInstance: etl.outlier_elimination manual__2024-08-23T03:29:45.744541+00:00 [queued]>
[2024-08-23T03:30:35.457+0000] {taskinstance.py:1956} INFO - Dependencies all met for dep_context=requeueable deps ti=<TaskInstance: etl.outlier_elimination manual__2024-08-23T03:29:45.744541+00:00 [queued]>
[2024-08-23T03:30:35.458+0000] {taskinstance.py:2170} INFO - Starting attempt 1 of 2
[2024-08-23T03:30:35.479+0000] {taskinstance.py:2191} INFO - Executing <Task(PythonOperator): outlier_elimination> on 2024-08-23 03:29:45.744541+00:00
[2024-08-23T03:30:35.488+0000] {standard_task_runner.py:60} INFO - Started process 1559 to run task
[2024-08-23T03:30:35.493+0000] {standard_task_runner.py:87} INFO - Running: ['***', 'tasks', 'run', 'etl', 'outlier_elimination', 'manual__2024-08-23T03:29:45.744541+00:00', '--job-id', '13', '--raw', '--subdir', 'DAGS_FOLDER/etl_process.py', '--cfg-path', '/tmp/tmp4zhdodmr']
[2024-08-23T03:30:35.496+0000] {standard_task_runner.py:88} INFO - Job 13: Subtask outlier_elimination
[2024-08-23T03:30:35.579+0000] {task_command.py:423} INFO - Running <TaskInstance: etl.outlier_elimination manual__2024-08-23T03:29:45.744541+00:00 [running]> on host 9b144a13aacf
[2024-08-23T03:30:35.704+0000] {taskinstance.py:2480} INFO - Exporting env vars: AIRFLOW_CTX_DAG_OWNER='***' AIRFLOW_CTX_DAG_ID='etl' AIRFLOW_CTX_TASK_ID='outlier_elimination' AIRFLOW_CTX_EXECUTION_DATE='2024-08-23T03:29:45.744541+00:00' AIRFLOW_CTX_TRY_NUMBER='1' AIRFLOW_CTX_DAG_RUN_ID='manual__2024-08-23T03:29:45.744541+00:00'
[2024-08-23T03:30:35.805+0000] {etl_process.py:221} INFO - 
        Eliminaremos aquellos outliers que distorsionan el conjunto de datos. Para ello, aplicaremos 
        como regla general la eliminación de los registros que se encuentren por encima del percentil 0.95.
    
[2024-08-23T03:30:35.838+0000] {etl_process.py:235} INFO - 
        También nos quedaremos con aquellos valores de "operation_amount" que sean mayores de $35.000,00.
    
[2024-08-23T03:30:36.364+0000] {etl_process.py:244} INFO - Datos guardados en XCOM con key: outlier_elimination
[2024-08-23T03:30:36.365+0000] {etl_process.py:245} INFO - Datos guardados en csv: transformed_data
[2024-08-23T03:30:36.366+0000] {python.py:201} INFO - Done. Returned value was: None
[2024-08-23T03:30:36.381+0000] {taskinstance.py:1138} INFO - Marking task as SUCCESS. dag_id=etl, task_id=outlier_elimination, execution_date=20240823T032945, start_date=20240823T033035, end_date=20240823T033036
[2024-08-23T03:30:36.430+0000] {local_task_job_runner.py:234} INFO - Task exited with return code 0
[2024-08-23T03:30:36.487+0000] {taskinstance.py:3280} INFO - 1 downstream tasks scheduled from follow-on schedule check
