[2024-08-23T03:02:21.380+0000] {taskinstance.py:1956} INFO - Dependencies all met for dep_context=non-requeueable deps ti=<TaskInstance: etl.outlier_elimination manual__2024-08-23T03:01:12.261728+00:00 [queued]>
[2024-08-23T03:02:21.396+0000] {taskinstance.py:1956} INFO - Dependencies all met for dep_context=requeueable deps ti=<TaskInstance: etl.outlier_elimination manual__2024-08-23T03:01:12.261728+00:00 [queued]>
[2024-08-23T03:02:21.397+0000] {taskinstance.py:2170} INFO - Starting attempt 1 of 2
[2024-08-23T03:02:21.420+0000] {taskinstance.py:2191} INFO - Executing <Task(PythonOperator): outlier_elimination> on 2024-08-23 03:01:12.261728+00:00
[2024-08-23T03:02:21.433+0000] {standard_task_runner.py:60} INFO - Started process 340 to run task
[2024-08-23T03:02:21.439+0000] {standard_task_runner.py:87} INFO - Running: ['***', 'tasks', 'run', 'etl', 'outlier_elimination', 'manual__2024-08-23T03:01:12.261728+00:00', '--job-id', '6', '--raw', '--subdir', 'DAGS_FOLDER/etl_process.py', '--cfg-path', '/tmp/tmpusroo7yr']
[2024-08-23T03:02:21.442+0000] {standard_task_runner.py:88} INFO - Job 6: Subtask outlier_elimination
[2024-08-23T03:02:21.536+0000] {task_command.py:423} INFO - Running <TaskInstance: etl.outlier_elimination manual__2024-08-23T03:01:12.261728+00:00 [running]> on host 9b144a13aacf
[2024-08-23T03:02:21.648+0000] {taskinstance.py:2480} INFO - Exporting env vars: AIRFLOW_CTX_DAG_OWNER='***' AIRFLOW_CTX_DAG_ID='etl' AIRFLOW_CTX_TASK_ID='outlier_elimination' AIRFLOW_CTX_EXECUTION_DATE='2024-08-23T03:01:12.261728+00:00' AIRFLOW_CTX_TRY_NUMBER='1' AIRFLOW_CTX_DAG_RUN_ID='manual__2024-08-23T03:01:12.261728+00:00'
[2024-08-23T03:02:21.751+0000] {etl_process.py:221} INFO - 
        Eliminaremos aquellos outliers que distorsionan el conjunto de datos. Para ello, aplicaremos 
        como regla general la eliminación de los registros que se encuentren por encima del percentil 0.95.
    
[2024-08-23T03:02:21.783+0000] {etl_process.py:235} INFO - 
        También nos quedaremos con aquellos valores de "operation_amount" que sean mayores de $35.000,00.
    
[2024-08-23T03:02:22.247+0000] {etl_process.py:244} INFO - Datos guardados en XCOM con key: outlier_elimination
[2024-08-23T03:02:22.248+0000] {etl_process.py:245} INFO - Datos guardados en csv: transformed_data
[2024-08-23T03:02:22.249+0000] {python.py:201} INFO - Done. Returned value was: None
[2024-08-23T03:02:22.267+0000] {taskinstance.py:1138} INFO - Marking task as SUCCESS. dag_id=etl, task_id=outlier_elimination, execution_date=20240823T030112, start_date=20240823T030221, end_date=20240823T030222
[2024-08-23T03:02:22.334+0000] {local_task_job_runner.py:234} INFO - Task exited with return code 0
[2024-08-23T03:02:22.372+0000] {taskinstance.py:3280} INFO - 1 downstream tasks scheduled from follow-on schedule check
