[2024-08-21T02:30:22.393+0000] {taskinstance.py:1956} INFO - Dependencies all met for dep_context=non-requeueable deps ti=<TaskInstance: etl2.split_data manual__2024-08-21T02:29:28.163471+00:00 [queued]>
[2024-08-21T02:30:22.407+0000] {taskinstance.py:1956} INFO - Dependencies all met for dep_context=requeueable deps ti=<TaskInstance: etl2.split_data manual__2024-08-21T02:29:28.163471+00:00 [queued]>
[2024-08-21T02:30:22.408+0000] {taskinstance.py:2170} INFO - Starting attempt 1 of 2
[2024-08-21T02:30:22.429+0000] {taskinstance.py:2191} INFO - Executing <Task(PythonOperator): split_data> on 2024-08-21 02:29:28.163471+00:00
[2024-08-21T02:30:22.437+0000] {standard_task_runner.py:60} INFO - Started process 353 to run task
[2024-08-21T02:30:22.442+0000] {standard_task_runner.py:87} INFO - Running: ['***', 'tasks', 'run', 'etl2', 'split_data', 'manual__2024-08-21T02:29:28.163471+00:00', '--job-id', '8', '--raw', '--subdir', 'DAGS_FOLDER/etl_process_2.py', '--cfg-path', '/tmp/tmpad7715ys']
[2024-08-21T02:30:22.446+0000] {standard_task_runner.py:88} INFO - Job 8: Subtask split_data
[2024-08-21T02:30:22.526+0000] {task_command.py:423} INFO - Running <TaskInstance: etl2.split_data manual__2024-08-21T02:29:28.163471+00:00 [running]> on host be8768f1c96b
[2024-08-21T02:30:22.670+0000] {taskinstance.py:2480} INFO - Exporting env vars: AIRFLOW_CTX_DAG_OWNER='***' AIRFLOW_CTX_DAG_ID='etl2' AIRFLOW_CTX_TASK_ID='split_data' AIRFLOW_CTX_EXECUTION_DATE='2024-08-21T02:29:28.163471+00:00' AIRFLOW_CTX_TRY_NUMBER='1' AIRFLOW_CTX_DAG_RUN_ID='manual__2024-08-21T02:29:28.163471+00:00'
[2024-08-21T02:30:22.706+0000] {etl_process_2.py:281} INFO - X_train guardado en PostgreSQL en la tabla: X_train
[2024-08-21T02:30:22.707+0000] {etl_process_2.py:282} INFO - X_train en XCOM con key: X_train
[2024-08-21T02:30:23.629+0000] {etl_process_2.py:286} INFO - X_test guardado en PostgreSQL en la tabla: X_test
[2024-08-21T02:30:23.630+0000] {etl_process_2.py:287} INFO - X_test en XCOM con key: X_test
[2024-08-21T02:30:23.826+0000] {etl_process_2.py:291} INFO - y_train guardado en PostgreSQL en la tabla: y_train
[2024-08-21T02:30:23.830+0000] {etl_process_2.py:292} INFO - y_train en XCOM con key: y_train
[2024-08-21T02:30:24.076+0000] {etl_process_2.py:296} INFO - y_test guardado en PostgreSQL en la tabla: y_test
[2024-08-21T02:30:24.076+0000] {etl_process_2.py:297} INFO - y_test en XCOM con key: y_test
[2024-08-21T02:30:24.293+0000] {python.py:201} INFO - Done. Returned value was: None
[2024-08-21T02:30:24.312+0000] {taskinstance.py:1138} INFO - Marking task as SUCCESS. dag_id=etl2, task_id=split_data, execution_date=20240821T022928, start_date=20240821T023022, end_date=20240821T023024
[2024-08-21T02:30:24.378+0000] {local_task_job_runner.py:234} INFO - Task exited with return code 0
[2024-08-21T02:30:24.429+0000] {taskinstance.py:3280} INFO - 1 downstream tasks scheduled from follow-on schedule check
