[2024-08-24T03:11:16.008+0000] {taskinstance.py:1956} INFO - Dependencies all met for dep_context=non-requeueable deps ti=<TaskInstance: etl.split_data manual__2024-08-24T03:10:31.940062+00:00 [queued]>
[2024-08-24T03:11:16.023+0000] {taskinstance.py:1956} INFO - Dependencies all met for dep_context=requeueable deps ti=<TaskInstance: etl.split_data manual__2024-08-24T03:10:31.940062+00:00 [queued]>
[2024-08-24T03:11:16.024+0000] {taskinstance.py:2170} INFO - Starting attempt 1 of 2
[2024-08-24T03:11:16.044+0000] {taskinstance.py:2191} INFO - Executing <Task(PythonOperator): split_data> on 2024-08-24 03:10:31.940062+00:00
[2024-08-24T03:11:16.057+0000] {standard_task_runner.py:60} INFO - Started process 488 to run task
[2024-08-24T03:11:16.061+0000] {standard_task_runner.py:87} INFO - Running: ['***', 'tasks', 'run', 'etl', 'split_data', 'manual__2024-08-24T03:10:31.940062+00:00', '--job-id', '7', '--raw', '--subdir', 'DAGS_FOLDER/etl_process.py', '--cfg-path', '/tmp/tmp6knwx3l_']
[2024-08-24T03:11:16.064+0000] {standard_task_runner.py:88} INFO - Job 7: Subtask split_data
[2024-08-24T03:11:16.154+0000] {task_command.py:423} INFO - Running <TaskInstance: etl.split_data manual__2024-08-24T03:10:31.940062+00:00 [running]> on host 5b7baa700922
[2024-08-24T03:11:16.317+0000] {taskinstance.py:2480} INFO - Exporting env vars: AIRFLOW_CTX_DAG_OWNER='***' AIRFLOW_CTX_DAG_ID='etl' AIRFLOW_CTX_TASK_ID='split_data' AIRFLOW_CTX_EXECUTION_DATE='2024-08-24T03:10:31.940062+00:00' AIRFLOW_CTX_TRY_NUMBER='1' AIRFLOW_CTX_DAG_RUN_ID='manual__2024-08-24T03:10:31.940062+00:00'
[2024-08-24T03:11:16.349+0000] {etl_process.py:261} INFO - X_train guardado en PostgreSQL en la tabla: X_train
[2024-08-24T03:11:16.350+0000] {etl_process.py:262} INFO - X_train en XCOM con key: X_train
[2024-08-24T03:11:18.024+0000] {etl_process.py:266} INFO - X_test guardado en PostgreSQL en la tabla: X_test
[2024-08-24T03:11:18.026+0000] {etl_process.py:267} INFO - X_test en XCOM con key: X_test
[2024-08-24T03:11:18.239+0000] {etl_process.py:271} INFO - y_train guardado en PostgreSQL en la tabla: y_train
[2024-08-24T03:11:18.240+0000] {etl_process.py:272} INFO - y_train en XCOM con key: y_train
[2024-08-24T03:11:18.370+0000] {etl_process.py:276} INFO - y_test guardado en PostgreSQL en la tabla: y_test
[2024-08-24T03:11:18.371+0000] {etl_process.py:277} INFO - y_test en XCOM con key: y_test
[2024-08-24T03:11:18.506+0000] {python.py:201} INFO - Done. Returned value was: None
[2024-08-24T03:11:18.522+0000] {taskinstance.py:1138} INFO - Marking task as SUCCESS. dag_id=etl, task_id=split_data, execution_date=20240824T031031, start_date=20240824T031116, end_date=20240824T031118
[2024-08-24T03:11:18.623+0000] {local_task_job_runner.py:234} INFO - Task exited with return code 0
[2024-08-24T03:11:18.723+0000] {taskinstance.py:3280} INFO - 1 downstream tasks scheduled from follow-on schedule check
