[2024-08-24T03:11:12.954+0000] {taskinstance.py:1956} INFO - Dependencies all met for dep_context=non-requeueable deps ti=<TaskInstance: etl.outlier_elimination manual__2024-08-24T03:10:31.940062+00:00 [queued]>
[2024-08-24T03:11:12.986+0000] {taskinstance.py:1956} INFO - Dependencies all met for dep_context=requeueable deps ti=<TaskInstance: etl.outlier_elimination manual__2024-08-24T03:10:31.940062+00:00 [queued]>
[2024-08-24T03:11:12.987+0000] {taskinstance.py:2170} INFO - Starting attempt 1 of 2
[2024-08-24T03:11:13.016+0000] {taskinstance.py:2191} INFO - Executing <Task(PythonOperator): outlier_elimination> on 2024-08-24 03:10:31.940062+00:00
[2024-08-24T03:11:13.030+0000] {standard_task_runner.py:60} INFO - Started process 478 to run task
[2024-08-24T03:11:13.034+0000] {standard_task_runner.py:87} INFO - Running: ['***', 'tasks', 'run', 'etl', 'outlier_elimination', 'manual__2024-08-24T03:10:31.940062+00:00', '--job-id', '6', '--raw', '--subdir', 'DAGS_FOLDER/etl_process.py', '--cfg-path', '/tmp/tmpijz8f7x0']
[2024-08-24T03:11:13.037+0000] {standard_task_runner.py:88} INFO - Job 6: Subtask outlier_elimination
[2024-08-24T03:11:13.110+0000] {task_command.py:423} INFO - Running <TaskInstance: etl.outlier_elimination manual__2024-08-24T03:10:31.940062+00:00 [running]> on host 5b7baa700922
[2024-08-24T03:11:13.254+0000] {taskinstance.py:2480} INFO - Exporting env vars: AIRFLOW_CTX_DAG_OWNER='***' AIRFLOW_CTX_DAG_ID='etl' AIRFLOW_CTX_TASK_ID='outlier_elimination' AIRFLOW_CTX_EXECUTION_DATE='2024-08-24T03:10:31.940062+00:00' AIRFLOW_CTX_TRY_NUMBER='1' AIRFLOW_CTX_DAG_RUN_ID='manual__2024-08-24T03:10:31.940062+00:00'
[2024-08-24T03:11:13.331+0000] {etl_process.py:221} INFO - 
        Eliminaremos aquellos outliers que distorsionan el conjunto de datos. Para ello, aplicaremos 
        como regla general la eliminación de los registros que se encuentren por encima del percentil 0.95.
    
[2024-08-24T03:11:13.367+0000] {etl_process.py:235} INFO - 
        También nos quedaremos con aquellos valores de "operation_amount" que sean mayores de $35.000,00.
    
[2024-08-24T03:11:13.882+0000] {etl_process.py:244} INFO - Datos guardados en XCOM con key: outlier_elimination
[2024-08-24T03:11:13.884+0000] {etl_process.py:245} INFO - Datos guardados en csv: transformed_data
[2024-08-24T03:11:13.885+0000] {python.py:201} INFO - Done. Returned value was: None
[2024-08-24T03:11:13.901+0000] {taskinstance.py:1138} INFO - Marking task as SUCCESS. dag_id=etl, task_id=outlier_elimination, execution_date=20240824T031031, start_date=20240824T031112, end_date=20240824T031113
[2024-08-24T03:11:13.970+0000] {local_task_job_runner.py:234} INFO - Task exited with return code 0
[2024-08-24T03:11:14.014+0000] {taskinstance.py:3280} INFO - 1 downstream tasks scheduled from follow-on schedule check
