[2024-08-19T23:26:15.452+0000] {taskinstance.py:1956} INFO - Dependencies all met for dep_context=non-requeueable deps ti=<TaskInstance: etl.outlier_elimination manual__2024-08-19T23:25:29.774680+00:00 [queued]>
[2024-08-19T23:26:15.465+0000] {taskinstance.py:1956} INFO - Dependencies all met for dep_context=requeueable deps ti=<TaskInstance: etl.outlier_elimination manual__2024-08-19T23:25:29.774680+00:00 [queued]>
[2024-08-19T23:26:15.466+0000] {taskinstance.py:2170} INFO - Starting attempt 1 of 2
[2024-08-19T23:26:15.484+0000] {taskinstance.py:2191} INFO - Executing <Task(PythonOperator): outlier_elimination> on 2024-08-19 23:25:29.774680+00:00
[2024-08-19T23:26:15.492+0000] {standard_task_runner.py:60} INFO - Started process 292 to run task
[2024-08-19T23:26:15.497+0000] {standard_task_runner.py:87} INFO - Running: ['***', 'tasks', 'run', 'etl', 'outlier_elimination', 'manual__2024-08-19T23:25:29.774680+00:00', '--job-id', '7', '--raw', '--subdir', 'DAGS_FOLDER/etl_process.py', '--cfg-path', '/tmp/tmpf7db42q4']
[2024-08-19T23:26:15.500+0000] {standard_task_runner.py:88} INFO - Job 7: Subtask outlier_elimination
[2024-08-19T23:26:15.576+0000] {task_command.py:423} INFO - Running <TaskInstance: etl.outlier_elimination manual__2024-08-19T23:25:29.774680+00:00 [running]> on host b367f3195dc8
[2024-08-19T23:26:15.702+0000] {taskinstance.py:2480} INFO - Exporting env vars: AIRFLOW_CTX_DAG_OWNER='***' AIRFLOW_CTX_DAG_ID='etl' AIRFLOW_CTX_TASK_ID='outlier_elimination' AIRFLOW_CTX_EXECUTION_DATE='2024-08-19T23:25:29.774680+00:00' AIRFLOW_CTX_TRY_NUMBER='1' AIRFLOW_CTX_DAG_RUN_ID='manual__2024-08-19T23:25:29.774680+00:00'
[2024-08-19T23:26:15.823+0000] {etl_process.py:221} INFO - 
        Eliminaremos aquellos outliers que distorsionan el conjunto de datos. Para ello, aplicaremos 
        como regla general la eliminación de los registros que se encuentren por encima del percentil 0.95.
    
[2024-08-19T23:26:15.858+0000] {etl_process.py:235} INFO - 
        También nos quedaremos con aquellos valores de "operation_amount" que sean mayores de $35.000,00.
    
[2024-08-19T23:26:16.445+0000] {etl_process.py:244} INFO - Datos guardados en XCOM con key: outlier_elimination
[2024-08-19T23:26:16.447+0000] {etl_process.py:245} INFO - Datos guardados en csv: transformed_data
[2024-08-19T23:26:16.448+0000] {python.py:201} INFO - Done. Returned value was: None
[2024-08-19T23:26:16.472+0000] {taskinstance.py:1138} INFO - Marking task as SUCCESS. dag_id=etl, task_id=outlier_elimination, execution_date=20240819T232529, start_date=20240819T232615, end_date=20240819T232616
[2024-08-19T23:26:16.515+0000] {local_task_job_runner.py:234} INFO - Task exited with return code 0
[2024-08-19T23:26:16.579+0000] {taskinstance.py:3280} INFO - 1 downstream tasks scheduled from follow-on schedule check
