[2024-08-21T04:04:21.128+0000] {taskinstance.py:1956} INFO - Dependencies all met for dep_context=non-requeueable deps ti=<TaskInstance: etl2.split_data manual__2024-08-21T04:03:07.353869+00:00 [queued]>
[2024-08-21T04:04:21.140+0000] {taskinstance.py:1956} INFO - Dependencies all met for dep_context=requeueable deps ti=<TaskInstance: etl2.split_data manual__2024-08-21T04:03:07.353869+00:00 [queued]>
[2024-08-21T04:04:21.141+0000] {taskinstance.py:2170} INFO - Starting attempt 1 of 2
[2024-08-21T04:04:21.161+0000] {taskinstance.py:2191} INFO - Executing <Task(PythonOperator): split_data> on 2024-08-21 04:03:07.353869+00:00
[2024-08-21T04:04:21.168+0000] {standard_task_runner.py:60} INFO - Started process 489 to run task
[2024-08-21T04:04:21.173+0000] {standard_task_runner.py:87} INFO - Running: ['***', 'tasks', 'run', 'etl2', 'split_data', 'manual__2024-08-21T04:03:07.353869+00:00', '--job-id', '9', '--raw', '--subdir', 'DAGS_FOLDER/etl_process_2.py', '--cfg-path', '/tmp/tmprdv9ahbk']
[2024-08-21T04:04:21.176+0000] {standard_task_runner.py:88} INFO - Job 9: Subtask split_data
[2024-08-21T04:04:21.277+0000] {task_command.py:423} INFO - Running <TaskInstance: etl2.split_data manual__2024-08-21T04:03:07.353869+00:00 [running]> on host 3578cb081144
[2024-08-21T04:04:21.430+0000] {taskinstance.py:2480} INFO - Exporting env vars: AIRFLOW_CTX_DAG_OWNER='***' AIRFLOW_CTX_DAG_ID='etl2' AIRFLOW_CTX_TASK_ID='split_data' AIRFLOW_CTX_EXECUTION_DATE='2024-08-21T04:03:07.353869+00:00' AIRFLOW_CTX_TRY_NUMBER='1' AIRFLOW_CTX_DAG_RUN_ID='manual__2024-08-21T04:03:07.353869+00:00'
[2024-08-21T04:04:21.463+0000] {etl_process_2.py:281} INFO - X_train guardado en PostgreSQL en la tabla: X_train
[2024-08-21T04:04:21.464+0000] {etl_process_2.py:282} INFO - X_train en XCOM con key: X_train
[2024-08-21T04:04:23.349+0000] {etl_process_2.py:286} INFO - X_test guardado en PostgreSQL en la tabla: X_test
[2024-08-21T04:04:23.361+0000] {etl_process_2.py:287} INFO - X_test en XCOM con key: X_test
[2024-08-21T04:04:23.564+0000] {etl_process_2.py:291} INFO - y_train guardado en PostgreSQL en la tabla: y_train
[2024-08-21T04:04:23.564+0000] {etl_process_2.py:292} INFO - y_train en XCOM con key: y_train
[2024-08-21T04:04:23.721+0000] {etl_process_2.py:296} INFO - y_test guardado en PostgreSQL en la tabla: y_test
[2024-08-21T04:04:23.722+0000] {etl_process_2.py:297} INFO - y_test en XCOM con key: y_test
[2024-08-21T04:04:23.905+0000] {python.py:201} INFO - Done. Returned value was: None
[2024-08-21T04:04:23.926+0000] {taskinstance.py:1138} INFO - Marking task as SUCCESS. dag_id=etl2, task_id=split_data, execution_date=20240821T040307, start_date=20240821T040421, end_date=20240821T040423
[2024-08-21T04:04:23.998+0000] {local_task_job_runner.py:234} INFO - Task exited with return code 0
[2024-08-21T04:04:24.033+0000] {taskinstance.py:3280} INFO - 1 downstream tasks scheduled from follow-on schedule check
