[2024-08-23T03:02:25.139+0000] {taskinstance.py:1956} INFO - Dependencies all met for dep_context=non-requeueable deps ti=<TaskInstance: etl.split_data manual__2024-08-23T03:01:12.261728+00:00 [queued]>
[2024-08-23T03:02:25.158+0000] {taskinstance.py:1956} INFO - Dependencies all met for dep_context=requeueable deps ti=<TaskInstance: etl.split_data manual__2024-08-23T03:01:12.261728+00:00 [queued]>
[2024-08-23T03:02:25.159+0000] {taskinstance.py:2170} INFO - Starting attempt 1 of 2
[2024-08-23T03:02:25.185+0000] {taskinstance.py:2191} INFO - Executing <Task(PythonOperator): split_data> on 2024-08-23 03:01:12.261728+00:00
[2024-08-23T03:02:25.197+0000] {standard_task_runner.py:60} INFO - Started process 346 to run task
[2024-08-23T03:02:25.202+0000] {standard_task_runner.py:87} INFO - Running: ['***', 'tasks', 'run', 'etl', 'split_data', 'manual__2024-08-23T03:01:12.261728+00:00', '--job-id', '7', '--raw', '--subdir', 'DAGS_FOLDER/etl_process.py', '--cfg-path', '/tmp/tmpcthcrth1']
[2024-08-23T03:02:25.206+0000] {standard_task_runner.py:88} INFO - Job 7: Subtask split_data
[2024-08-23T03:02:25.299+0000] {task_command.py:423} INFO - Running <TaskInstance: etl.split_data manual__2024-08-23T03:01:12.261728+00:00 [running]> on host 9b144a13aacf
[2024-08-23T03:02:25.429+0000] {taskinstance.py:2480} INFO - Exporting env vars: AIRFLOW_CTX_DAG_OWNER='***' AIRFLOW_CTX_DAG_ID='etl' AIRFLOW_CTX_TASK_ID='split_data' AIRFLOW_CTX_EXECUTION_DATE='2024-08-23T03:01:12.261728+00:00' AIRFLOW_CTX_TRY_NUMBER='1' AIRFLOW_CTX_DAG_RUN_ID='manual__2024-08-23T03:01:12.261728+00:00'
[2024-08-23T03:02:25.462+0000] {etl_process.py:261} INFO - X_train guardado en PostgreSQL en la tabla: X_train
[2024-08-23T03:02:25.463+0000] {etl_process.py:262} INFO - X_train en XCOM con key: X_train
[2024-08-23T03:02:26.513+0000] {etl_process.py:266} INFO - X_test guardado en PostgreSQL en la tabla: X_test
[2024-08-23T03:02:26.514+0000] {etl_process.py:267} INFO - X_test en XCOM con key: X_test
[2024-08-23T03:02:26.712+0000] {etl_process.py:271} INFO - y_train guardado en PostgreSQL en la tabla: y_train
[2024-08-23T03:02:26.712+0000] {etl_process.py:272} INFO - y_train en XCOM con key: y_train
[2024-08-23T03:02:26.870+0000] {etl_process.py:276} INFO - y_test guardado en PostgreSQL en la tabla: y_test
[2024-08-23T03:02:26.871+0000] {etl_process.py:277} INFO - y_test en XCOM con key: y_test
[2024-08-23T03:02:27.072+0000] {python.py:201} INFO - Done. Returned value was: None
[2024-08-23T03:02:27.098+0000] {taskinstance.py:1138} INFO - Marking task as SUCCESS. dag_id=etl, task_id=split_data, execution_date=20240823T030112, start_date=20240823T030225, end_date=20240823T030227
[2024-08-23T03:02:27.183+0000] {local_task_job_runner.py:234} INFO - Task exited with return code 0
[2024-08-23T03:02:27.236+0000] {taskinstance.py:3280} INFO - 1 downstream tasks scheduled from follow-on schedule check
