[2024-08-21T00:29:40.906+0000] {taskinstance.py:1956} INFO - Dependencies all met for dep_context=non-requeueable deps ti=<TaskInstance: etl2.outlier_elimination manual__2024-08-21T00:28:56.178688+00:00 [queued]>
[2024-08-21T00:29:40.921+0000] {taskinstance.py:1956} INFO - Dependencies all met for dep_context=requeueable deps ti=<TaskInstance: etl2.outlier_elimination manual__2024-08-21T00:28:56.178688+00:00 [queued]>
[2024-08-21T00:29:40.922+0000] {taskinstance.py:2170} INFO - Starting attempt 1 of 2
[2024-08-21T00:29:40.943+0000] {taskinstance.py:2191} INFO - Executing <Task(PythonOperator): outlier_elimination> on 2024-08-21 00:28:56.178688+00:00
[2024-08-21T00:29:40.952+0000] {standard_task_runner.py:60} INFO - Started process 363 to run task
[2024-08-21T00:29:40.957+0000] {standard_task_runner.py:87} INFO - Running: ['***', 'tasks', 'run', 'etl2', 'outlier_elimination', 'manual__2024-08-21T00:28:56.178688+00:00', '--job-id', '7', '--raw', '--subdir', 'DAGS_FOLDER/etl_process_2.py', '--cfg-path', '/tmp/tmpq6kqojxv']
[2024-08-21T00:29:40.960+0000] {standard_task_runner.py:88} INFO - Job 7: Subtask outlier_elimination
[2024-08-21T00:29:41.040+0000] {task_command.py:423} INFO - Running <TaskInstance: etl2.outlier_elimination manual__2024-08-21T00:28:56.178688+00:00 [running]> on host cfe145cafe26
[2024-08-21T00:29:41.169+0000] {taskinstance.py:2480} INFO - Exporting env vars: AIRFLOW_CTX_DAG_OWNER='***' AIRFLOW_CTX_DAG_ID='etl2' AIRFLOW_CTX_TASK_ID='outlier_elimination' AIRFLOW_CTX_EXECUTION_DATE='2024-08-21T00:28:56.178688+00:00' AIRFLOW_CTX_TRY_NUMBER='1' AIRFLOW_CTX_DAG_RUN_ID='manual__2024-08-21T00:28:56.178688+00:00'
[2024-08-21T00:29:41.254+0000] {etl_process_2.py:233} INFO - 
        Eliminaremos aquellos outliers que distorsionan el conjunto de datos. Para ello, aplicaremos 
        como regla general la eliminación de los registros que se encuentren por encima del percentil 0.95.
    
[2024-08-21T00:29:41.288+0000] {etl_process_2.py:247} INFO - 
        También nos quedaremos con aquellos valores de "operation_amount" que sean mayores de $35.000,00.
    
[2024-08-21T00:29:41.803+0000] {etl_process_2.py:256} INFO - Datos guardados en XCOM con key: outlier_elimination
[2024-08-21T00:29:41.804+0000] {etl_process_2.py:257} INFO - Datos guardados en csv: transformed_data
[2024-08-21T00:29:41.805+0000] {python.py:201} INFO - Done. Returned value was: None
[2024-08-21T00:29:41.827+0000] {taskinstance.py:1138} INFO - Marking task as SUCCESS. dag_id=etl2, task_id=outlier_elimination, execution_date=20240821T002856, start_date=20240821T002940, end_date=20240821T002941
[2024-08-21T00:29:41.893+0000] {local_task_job_runner.py:234} INFO - Task exited with return code 0
[2024-08-21T00:29:41.950+0000] {taskinstance.py:3280} INFO - 1 downstream tasks scheduled from follow-on schedule check
